{"D:\\web\\Vue\\vue-ts-news\\src\\App.vue": {"path":"D:\\web\\Vue\\vue-ts-news\\src\\App.vue","statementMap":{"0":{"start":{"line":3,"column":15},"end":{"line":12,"column":1}},"1":{"start":{"line":4,"column":2},"end":{"line":10,"column":4}},"2":{"start":{"line":5,"column":4},"end":{"line":8,"column":5}},"3":{"start":{"line":5,"column":20},"end":{"line":5,"column":21}},"4":{"start":{"line":5,"column":27},"end":{"line":5,"column":43}},"5":{"start":{"line":6,"column":6},"end":{"line":6,"column":23}},"6":{"start":{"line":7,"column":6},"end":{"line":7,"column":83}},"7":{"start":{"line":7,"column":23},"end":{"line":7,"column":83}},"8":{"start":{"line":7,"column":71},"end":{"line":7,"column":83}},"9":{"start":{"line":9,"column":4},"end":{"line":9,"column":13}},"10":{"start":{"line":11,"column":2},"end":{"line":11,"column":41}},"11":{"start":{"line":13,"column":22},"end":{"line":17,"column":1}},"12":{"start":{"line":14,"column":2},"end":{"line":16,"column":4}},"13":{"start":{"line":18,"column":0},"end":{"line":20,"column":3}},"14":{"start":{"line":21,"column":12},"end":{"line":21,"column":26}},"15":{"start":{"line":22,"column":22},"end":{"line":22,"column":76}},"16":{"start":{"line":23,"column":22},"end":{"line":23,"column":76}},"17":{"start":{"line":24,"column":24},"end":{"line":24,"column":80}},"18":{"start":{"line":25,"column":22},"end":{"line":25,"column":76}},"19":{"start":{"line":26,"column":13},"end":{"line":26,"column":28}},"20":{"start":{"line":27,"column":22},"end":{"line":27,"column":46}},"21":{"start":{"line":28,"column":0},"end":{"line":56,"column":3}},"22":{"start":{"line":38,"column":6},"end":{"line":38,"column":31}},"23":{"start":{"line":44,"column":18},"end":{"line":44,"column":22}},"24":{"start":{"line":45,"column":6},"end":{"line":53,"column":7}},"25":{"start":{"line":46,"column":8},"end":{"line":49,"column":11}},"26":{"start":{"line":50,"column":8},"end":{"line":52,"column":17}},"27":{"start":{"line":51,"column":10},"end":{"line":51,"column":30}},"28":{"start":{"line":57,"column":0},"end":{"line":57,"column":13}},"29":{"start":{"line":58,"column":0},"end":{"line":58,"column":62}},"30":{"start":{"line":59,"column":0},"end":{"line":59,"column":24}},"31":{"start":{"line":60,"column":12},"end":{"line":60,"column":26}},"32":{"start":{"line":61,"column":17},"end":{"line":61,"column":36}},"33":{"start":{"line":62,"column":17},"end":{"line":62,"column":44}},"34":{"start":{"line":63,"column":17},"end":{"line":63,"column":42}},"35":{"start":{"line":64,"column":17},"end":{"line":64,"column":44}},"36":{"start":{"line":66,"column":31},"end":{"line":66,"column":71}},"37":{"start":{"line":67,"column":31},"end":{"line":67,"column":71}},"38":{"start":{"line":68,"column":33},"end":{"line":68,"column":75}},"39":{"start":{"line":69,"column":33},"end":{"line":69,"column":75}},"40":{"start":{"line":70,"column":31},"end":{"line":70,"column":71}},"41":{"start":{"line":71,"column":4},"end":{"line":83,"column":8}},"42":{"start":{"line":85,"column":0},"end":{"line":85,"column":24}},"43":{"start":{"line":86,"column":1},"end":{"line":86,"column":48}}},"fnMap":{"0":{"name":"(anonymous_0)","decl":{"start":{"line":3,"column":40},"end":{"line":3,"column":41}},"loc":{"start":{"line":3,"column":52},"end":{"line":12,"column":1}},"line":3},"1":{"name":"(anonymous_1)","decl":{"start":{"line":4,"column":30},"end":{"line":4,"column":31}},"loc":{"start":{"line":4,"column":43},"end":{"line":10,"column":3}},"line":4},"2":{"name":"(anonymous_2)","decl":{"start":{"line":13,"column":54},"end":{"line":13,"column":55}},"loc":{"start":{"line":13,"column":69},"end":{"line":17,"column":1}},"line":13},"3":{"name":"(anonymous_3)","decl":{"start":{"line":37,"column":14},"end":{"line":37,"column":15}},"loc":{"start":{"line":37,"column":26},"end":{"line":39,"column":5}},"line":37},"4":{"name":"(anonymous_4)","decl":{"start":{"line":43,"column":14},"end":{"line":43,"column":15}},"loc":{"start":{"line":43,"column":34},"end":{"line":54,"column":5}},"line":43},"5":{"name":"(anonymous_5)","decl":{"start":{"line":50,"column":19},"end":{"line":50,"column":20}},"loc":{"start":{"line":50,"column":31},"end":{"line":52,"column":9}},"line":50},"6":{"name":"render","decl":{"start":{"line":65,"column":9},"end":{"line":65,"column":15}},"loc":{"start":{"line":65,"column":30},"end":{"line":84,"column":1}},"line":65}},"branchMap":{"0":{"loc":{"start":{"line":3,"column":15},"end":{"line":12,"column":1}},"type":"binary-expr","locations":[{"start":{"line":3,"column":15},"end":{"line":3,"column":19}},{"start":{"line":3,"column":23},"end":{"line":3,"column":36}},{"start":{"line":3,"column":40},"end":{"line":12,"column":1}}],"line":3},"1":{"loc":{"start":{"line":4,"column":13},"end":{"line":10,"column":3}},"type":"binary-expr","locations":[{"start":{"line":4,"column":13},"end":{"line":4,"column":26}},{"start":{"line":4,"column":30},"end":{"line":10,"column":3}}],"line":4},"2":{"loc":{"start":{"line":7,"column":23},"end":{"line":7,"column":83}},"type":"if","locations":[{"start":{"line":7,"column":23},"end":{"line":7,"column":83}},{"start":{},"end":{}}],"line":7},"3":{"loc":{"start":{"line":13,"column":22},"end":{"line":17,"column":1}},"type":"binary-expr","locations":[{"start":{"line":13,"column":22},"end":{"line":13,"column":26}},{"start":{"line":13,"column":30},"end":{"line":13,"column":50}},{"start":{"line":13,"column":54},"end":{"line":17,"column":1}}],"line":13},"4":{"loc":{"start":{"line":14,"column":9},"end":{"line":16,"column":3}},"type":"cond-expr","locations":[{"start":{"line":14,"column":33},"end":{"line":14,"column":36}},{"start":{"line":14,"column":39},"end":{"line":16,"column":3}}],"line":14},"5":{"loc":{"start":{"line":14,"column":9},"end":{"line":14,"column":30}},"type":"binary-expr","locations":[{"start":{"line":14,"column":9},"end":{"line":14,"column":12}},{"start":{"line":14,"column":16},"end":{"line":14,"column":30}}],"line":14},"6":{"loc":{"start":{"line":45,"column":6},"end":{"line":53,"column":7}},"type":"if","locations":[{"start":{"line":45,"column":6},"end":{"line":53,"column":7}},{"start":{},"end":{}}],"line":45}},"s":{"0":1,"1":2,"2":0,"3":0,"4":0,"5":0,"6":0,"7":0,"8":0,"9":0,"10":2,"11":1,"12":4,"13":1,"14":1,"15":1,"16":1,"17":1,"18":1,"19":1,"20":1,"21":1,"22":9,"23":1,"24":1,"25":1,"26":1,"27":1,"28":1,"29":1,"30":1,"31":1,"32":1,"33":1,"34":1,"35":1,"36":7,"37":7,"38":7,"39":7,"40":7,"41":7,"42":1,"43":1},"f":{"0":2,"1":0,"2":4,"3":9,"4":1,"5":1,"6":7},"b":{"0":[1,1,1],"1":[2,0],"2":[0,0],"3":[1,1,1],"4":[4,0],"5":[4,4],"6":[1,0]},"inputSourceMap":{"0":"{","1":"\"","2":"v","3":"e","4":"r","5":"s","6":"i","7":"o","8":"n","9":"\"","10":":","11":"3","12":",","13":"\"","14":"s","15":"o","16":"u","17":"r","18":"c","19":"e","20":"s","21":"\"","22":":","23":"[","24":"\"","25":"D","26":":","27":"\\","28":"\\","29":"w","30":"e","31":"b","32":"\\","33":"\\","34":"V","35":"u","36":"e","37":"\\","38":"\\","39":"v","40":"u","41":"e","42":"-","43":"t","44":"s","45":"-","46":"n","47":"e","48":"w","49":"s","50":"\\","51":"\\","52":"s","53":"r","54":"c","55":"\\","56":"\\","57":"A","58":"p","59":"p","60":".","61":"v","62":"u","63":"e","64":"\"","65":"]","66":",","67":"\"","68":"n","69":"a","70":"m","71":"e","72":"s","73":"\"","74":":","75":"[","76":"]","77":",","78":"\"","79":"m","80":"a","81":"p","82":"p","83":"i","84":"n","85":"g","86":"s","87":"\"","88":":","89":"\"","90":";","91":";","92":";","93":";","94":";","95":";","96":";","97":";","98":";","99":";","100":";","101":";","102":";","103":";","104":";","105":";","106":";","107":";","108":";","109":";","110":"A","111":"A","112":"q","113":"B","114":"A","115":";","116":"A","117":"A","118":"C","119":"A","120":";","121":"A","122":"A","123":"C","124":"A","125":";","126":"A","127":"A","128":"C","129":"A","130":";","131":"A","132":"A","133":"C","134":"A","135":";","136":"A","137":"A","138":"C","139":"A","140":";","141":"A","142":"A","143":"C","144":"A","145":";","146":"A","147":"A","148":"G","149":"A","150":",","151":"k","152":"B","153":"A","154":"A","155":"e","156":",","157":"y","158":"B","159":"A","160":"A","161":"e","162":",","163":"E","164":"A","165":"A","166":"C","167":";","168":"E","169":"A","170":"C","171":"3","172":"B","173":",","174":"I","175":"A","176":"A","177":"I","178":",","179":"E","180":"A","181":"A","182":"E","183":",","184":"K","185":"A","186":"A","187":"K","188":";","189":"E","190":"A","191":"E","192":"X","193":",","194":"U","195":"A","196":"A","197":"U","198":",","199":"E","200":"A","201":"A","202":"E","203":";","204":"I","205":"A","206":"C","207":"R","208":",","209":"S","210":"A","211":"A","212":"S","213":";","214":"I","215":"A","216":"C","217":"T","218":",","219":"S","220":"A","221":"A","222":"S","223":";","224":"I","225":"A","226":"C","227":"T","228":",","229":"W","230":"A","231":"A","232":"W","233":";","234":"I","235":"A","236":"C","237":"X","238":",","239":"S","240":"A","241":"A","242":"S","243":";","244":"G","245":"A","246":"C","247":"Z","248":";","249":"E","250":"A","251":"E","252":"D","253":",","254":"Q","255":"A","256":"A","257":"Q","258":",","259":"w","260":"B","261":"A","262":"C","263":"D","264":",","265":"m","266":"B","267":"A","268":"A","269":"Q","270":",","271":"E","272":"A","273":"A","274":"C","275":",","276":"C","277":"A","278":"C","279":"R","280":",","281":"Q","282":"A","283":"A","284":"Q","285":",","286":"C","287":"A","288":"C","289":"X","290":",","291":"C","292":"A","293":"A","294":"C","295":";","296":"I","297":"A","298":"E","299":"F","300":",","301":"Q","302":"A","303":"A","304":"Q","305":",","306":"E","307":"A","308":"A","309":"R","310":";","311":"M","312":"A","313":"C","314":"I","315":",","316":"O","317":"A","318":"A","319":"O","320":",","321":"I","322":"A","323":"A","324":"I","325":",","326":"C","327":"A","328":"A","329":"C","330":",","331":"M","332":"A","333":"A","334":"M","335":",","336":"C","337":"A","338":"A","339":"C","340":",","341":"K","342":"A","343":"A","344":"K","345":";","346":"I","347":"A","348":"C","349":"5","350":"B","351":";","352":"E","353":"A","354":"A","355":"C","356":",","357":"E","358":"A","359":"C","360":"J","361":";","362":"E","363":"A","364":"E","365":"D","366":",","367":"O","368":"A","369":"A","370":"O","371":",","372":"e","373":"A","374":"C","375":"A","376":",","377":"u","378":"B","379":"A","380":"A","381":"Y","382":",","383":"E","384":"A","385":"A","386":"C","387":",","388":"C","389":"A","390":"C","391":"Z","392":",","393":"a","394":"A","395":"A","396":"a","397":",","398":"C","399":"A","400":"C","401":"h","402":"B","403":",","404":"C","405":"A","406":"A","407":"C","408":",","409":"C","410":"A","411":"C","412":"L","413":";","414":"E","415":"A","416":"E","417":"D","418":",","419":"K","420":"A","421":"A","422":"K","423":",","424":"E","425":"A","426":"A","427":"E","428":";","429":"I","430":"A","431":"C","432":"H","433":",","434":"Q","435":"A","436":"A","437":"Q","438":",","439":"Y","440":"A","441":"A","442":"C","443":",","444":"Q","445":"A","446":"A","447":"Q","448":";","449":"M","450":"A","451":"A","452":"j","453":"B","454":";","455":"M","456":"A","457":"C","458":"I","459":",","460":"I","461":"A","462":"A","463":"I","464":",","465":"M","466":"A","467":"A","468":"M","469":",","470":"C","471":"A","472":"A","473":"C","474":",","475":"I","476":"A","477":"A","478":"I","479":",","480":"C","481":"A","482":"A","483":"C","484":",","485":"Q","486":"A","487":"A","488":"Q","489":",","490":"C","491":"A","492":"A","493":"C","494":",","495":"C","496":"A","497":"A","498":"C","499":",","500":"M","501":"A","502":"A","503":"M","504":",","505":"K","506":"A","507":"A","508":"K","509":",","510":"C","511":"A","512":"A","513":"C","514":",","515":"E","516":"A","517":"A","518":"E","519":";","520":"Q","521":"A","522":"E","523":"p","524":"C","525":",","526":"y","527":"B","528":"A","529":"A","530":"K","531":",","532":"E","533":"A","534":"A","535":"C","536":",","537":"Q","538":"A","539":"A","540":"Q","541":",","542":"C","543":"A","544":"A","545":"C","546":",","547":"G","548":"A","549":"A","550":"G","551":",","552":"E","553":"A","554":"A","555":"E","556":";","557":"U","558":"A","559":"C","560":"h","561":"B","562":",","563":"S","564":"A","565":"A","566":"S","567":",","568":"E","569":"A","570":"A","571":"E","572":",","573":"I","574":"A","575":"A","576":"I","577":";","578":"U","579":"A","580":"C","581":"f","582":",","583":"I","584":"A","585":"A","586":"I","587":",","588":"E","589":"A","590":"A","591":"E","592":",","593":"Q","594":"A","595":"A","596":"Q","597":",","598":"C","599":"A","600":"A","601":"C","602":";","603":"S","604":"A","605":"C","606":"l","607":"B","608":",","609":"C","610":"A","611":"A","612":"C","613":";","614":"Q","615":"A","616":"E","617":"F","618":",","619":"U","620":"A","621":"A","622":"U","623":",","624":"C","625":"A","626":"A","627":"C","628":";","629":"U","630":"A","631":"C","632":"P","633":",","634":"K","635":"A","636":"A","637":"I","638":",","639":"C","640":"A","641":"A","642":"C","643":",","644":"W","645":"A","646":"A","647":"W","648":",","649":"E","650":"A","651":"A","652":"E","653":";","654":"Q","655":"A","656":"C","657":"t","658":"B","659":",","660":"C","661":"A","662":"A","663":"C","664":",","665":"E","666":"A","667":"A","668":"E","669":",","670":"I","671":"A","672":"A","673":"I","674":",","675":"C","676":"A","677":"A","678":"C","679":";","680":";","681":"I","682":"A","683":"E","684":"h","685":"B","686":";","687":";","688":"C","689":"A","690":"E","691":"P","692":",","693":"C","694":"A","695":"A","696":"C","697":"\"","698":",","699":"\"","700":"f","701":"i","702":"l","703":"e","704":"\"","705":":","706":"\"","707":"D","708":":","709":"\\","710":"\\","711":"w","712":"e","713":"b","714":"\\","715":"\\","716":"V","717":"u","718":"e","719":"\\","720":"\\","721":"v","722":"u","723":"e","724":"-","725":"t","726":"s","727":"-","728":"n","729":"e","730":"w","731":"s","732":"\\","733":"\\","734":"s","735":"r","736":"c","737":"\\","738":"\\","739":"A","740":"p","741":"p","742":".","743":"v","744":"u","745":"e","746":"\"","747":",","748":"\"","749":"s","750":"o","751":"u","752":"r","753":"c","754":"e","755":"s","756":"C","757":"o","758":"n","759":"t","760":"e","761":"n","762":"t","763":"\"","764":":","765":"[","766":"\"","767":"<","768":"t","769":"e","770":"m","771":"p","772":"l","773":"a","774":"t","775":"e","776":">","777":"\\","778":"n","779":" ","780":" ","781":" ","782":" ","783":"<","784":"d","785":"i","786":"v","787":" ","788":"c","789":"l","790":"a","791":"s","792":"s","793":"=","794":"\\","795":"\"","796":"l","797":"a","798":"y","799":"o","800":"u","801":"t","802":"\\","803":"\"","804":">","805":"\\","806":"n","807":" ","808":" ","809":" ","810":" ","811":" ","812":" ","813":" ","814":" ","815":"<","816":"h","817":"e","818":"a","819":"d","820":"e","821":"r","822":" ","823":"c","824":"l","825":"a","826":"s","827":"s","828":"=","829":"\\","830":"\"","831":"l","832":"a","833":"y","834":"o","835":"u","836":"t","837":"_","838":"_","839":"h","840":"e","841":"a","842":"d","843":"e","844":"r","845":"\\","846":"\"","847":">","848":"\\","849":"n","850":" ","851":" ","852":" ","853":" ","854":" ","855":" ","856":" ","857":" ","858":" ","859":" ","860":" ","861":" ","862":"<","863":"V","864":"T","865":"N","866":"S","867":"p","868":"r","869":"i","870":"t","871":"e","872":" ","873":"/","874":">","875":"\\","876":"n","877":"\\","878":"n","879":" ","880":" ","881":" ","882":" ","883":" ","884":" ","885":" ","886":" ","887":" ","888":" ","889":" ","890":" ","891":"<","892":"V","893":"T","894":"N","895":"H","896":"e","897":"a","898":"d","899":"e","900":"r","901":" ","902":"/","903":">","904":"\\","905":"n","906":"\\","907":"n","908":" ","909":" ","910":" ","911":" ","912":" ","913":" ","914":" ","915":" ","916":" ","917":" ","918":" ","919":" ","920":"<","921":"V","922":"T","923":"N","924":"C","925":"o","926":"n","927":"t","928":"r","929":"o","930":"l","931":"s","932":" ","933":"/","934":">","935":"\\","936":"n","937":" ","938":" ","939":" ","940":" ","941":" ","942":" ","943":" ","944":" ","945":"<","946":"/","947":"h","948":"e","949":"a","950":"d","951":"e","952":"r","953":">","954":"\\","955":"n","956":"\\","957":"n","958":" ","959":" ","960":" ","961":" ","962":" ","963":" ","964":" ","965":" ","966":"<","967":"m","968":"a","969":"i","970":"n","971":" ","972":"c","973":"l","974":"a","975":"s","976":"s","977":"=","978":"\\","979":"\"","980":"l","981":"a","982":"y","983":"o","984":"u","985":"t","986":"_","987":"_","988":"m","989":"a","990":"i","991":"n","992":"\\","993":"\"","994":">","995":"\\","996":"n","997":" ","998":" ","999":" ","1000":" ","1001":" ","1002":" ","1003":" ","1004":" ","1005":" ","1006":" ","1007":" ","1008":" ","1009":"<","1010":"r","1011":"o","1012":"u","1013":"t","1014":"e","1015":"r","1016":"-","1017":"v","1018":"i","1019":"e","1020":"w","1021":"/","1022":">","1023":"\\","1024":"n","1025":" ","1026":" ","1027":" ","1028":" ","1029":" ","1030":" ","1031":" ","1032":" ","1033":"<","1034":"/","1035":"m","1036":"a","1037":"i","1038":"n","1039":">","1040":"\\","1041":"n","1042":"\\","1043":"n","1044":" ","1045":" ","1046":" ","1047":" ","1048":" ","1049":" ","1050":" ","1051":" ","1052":"<","1053":"f","1054":"o","1055":"o","1056":"t","1057":"e","1058":"r","1059":" ","1060":"c","1061":"l","1062":"a","1063":"s","1064":"s","1065":"=","1066":"\\","1067":"\"","1068":"l","1069":"a","1070":"y","1071":"o","1072":"u","1073":"t","1074":"_","1075":"_","1076":"f","1077":"o","1078":"o","1079":"t","1080":"e","1081":"r","1082":"\\","1083":"\"","1084":">","1085":"\\","1086":"n","1087":" ","1088":" ","1089":" ","1090":" ","1091":" ","1092":" ","1093":" ","1094":" ","1095":" ","1096":" ","1097":" ","1098":" ","1099":"<","1100":"V","1101":"T","1102":"N","1103":"F","1104":"o","1105":"o","1106":"t","1107":"e","1108":"r","1109":" ","1110":"/","1111":">","1112":"\\","1113":"n","1114":" ","1115":" ","1116":" ","1117":" ","1118":" ","1119":" ","1120":" ","1121":" ","1122":"<","1123":"/","1124":"f","1125":"o","1126":"o","1127":"t","1128":"e","1129":"r","1130":">","1131":"\\","1132":"n","1133":" ","1134":" ","1135":" ","1136":" ","1137":"<","1138":"/","1139":"d","1140":"i","1141":"v","1142":">","1143":"\\","1144":"n","1145":"<","1146":"/","1147":"t","1148":"e","1149":"m","1150":"p","1151":"l","1152":"a","1153":"t","1154":"e","1155":">","1156":"\\","1157":"n","1158":"\\","1159":"n","1160":"<","1161":"s","1162":"c","1163":"r","1164":"i","1165":"p","1166":"t","1167":" ","1168":"l","1169":"a","1170":"n","1171":"g","1172":"=","1173":"\\","1174":"\"","1175":"t","1176":"s","1177":"\\","1178":"\"","1179":">","1180":"\\","1181":"n","1182":"i","1183":"m","1184":"p","1185":"o","1186":"r","1187":"t","1188":" ","1189":"{","1190":" ","1191":"d","1192":"e","1193":"f","1194":"i","1195":"n","1196":"e","1197":"C","1198":"o","1199":"m","1200":"p","1201":"o","1202":"n","1203":"e","1204":"n","1205":"t","1206":" ","1207":"}","1208":" ","1209":"f","1210":"r","1211":"o","1212":"m","1213":" ","1214":"'","1215":"v","1216":"u","1217":"e","1218":"'","1219":"\\","1220":"n","1221":"i","1222":"m","1223":"p","1224":"o","1225":"r","1226":"t","1227":" ","1228":"V","1229":"T","1230":"N","1231":"S","1232":"p","1233":"r","1234":"i","1235":"t","1236":"e","1237":" ","1238":"f","1239":"r","1240":"o","1241":"m","1242":" ","1243":"'","1244":"@","1245":"/","1246":"c","1247":"o","1248":"m","1249":"p","1250":"o","1251":"n","1252":"e","1253":"n","1254":"t","1255":"s","1256":"/","1257":"V","1258":"T","1259":"N","1260":"S","1261":"p","1262":"r","1263":"i","1264":"t","1265":"e","1266":".","1267":"v","1268":"u","1269":"e","1270":"'","1271":"\\","1272":"n","1273":"i","1274":"m","1275":"p","1276":"o","1277":"r","1278":"t","1279":" ","1280":"V","1281":"T","1282":"N","1283":"H","1284":"e","1285":"a","1286":"d","1287":"e","1288":"r","1289":" ","1290":"f","1291":"r","1292":"o","1293":"m","1294":" ","1295":"'","1296":"@","1297":"/","1298":"c","1299":"o","1300":"m","1301":"p","1302":"o","1303":"n","1304":"e","1305":"n","1306":"t","1307":"s","1308":"/","1309":"V","1310":"T","1311":"N","1312":"H","1313":"e","1314":"a","1315":"d","1316":"e","1317":"r","1318":".","1319":"v","1320":"u","1321":"e","1322":"'","1323":"\\","1324":"n","1325":"i","1326":"m","1327":"p","1328":"o","1329":"r","1330":"t","1331":" ","1332":"V","1333":"T","1334":"N","1335":"C","1336":"o","1337":"n","1338":"t","1339":"r","1340":"o","1341":"l","1342":"s","1343":" ","1344":"f","1345":"r","1346":"o","1347":"m","1348":" ","1349":"'","1350":"@","1351":"/","1352":"c","1353":"o","1354":"m","1355":"p","1356":"o","1357":"n","1358":"e","1359":"n","1360":"t","1361":"s","1362":"/","1363":"V","1364":"T","1365":"N","1366":"C","1367":"o","1368":"n","1369":"t","1370":"r","1371":"o","1372":"l","1373":"s","1374":".","1375":"v","1376":"u","1377":"e","1378":"'","1379":"\\","1380":"n","1381":"i","1382":"m","1383":"p","1384":"o","1385":"r","1386":"t","1387":" ","1388":"V","1389":"T","1390":"N","1391":"F","1392":"o","1393":"o","1394":"t","1395":"e","1396":"r","1397":" ","1398":"f","1399":"r","1400":"o","1401":"m","1402":" ","1403":"'","1404":"@","1405":"/","1406":"c","1407":"o","1408":"m","1409":"p","1410":"o","1411":"n","1412":"e","1413":"n","1414":"t","1415":"s","1416":"/","1417":"V","1418":"T","1419":"N","1420":"F","1421":"o","1422":"o","1423":"t","1424":"e","1425":"r","1426":".","1427":"v","1428":"u","1429":"e","1430":"'","1431":"\\","1432":"n","1433":"i","1434":"m","1435":"p","1436":"o","1437":"r","1438":"t","1439":" ","1440":"{","1441":" ","1442":"m","1443":"a","1444":"p","1445":"S","1446":"t","1447":"a","1448":"t","1449":"e","1450":",","1451":" ","1452":"m","1453":"a","1454":"p","1455":"M","1456":"u","1457":"t","1458":"a","1459":"t","1460":"i","1461":"o","1462":"n","1463":"s","1464":" ","1465":"}","1466":" ","1467":"f","1468":"r","1469":"o","1470":"m","1471":" ","1472":"'","1473":"v","1474":"u","1475":"e","1476":"x","1477":"'","1478":"\\","1479":"n","1480":"i","1481":"m","1482":"p","1483":"o","1484":"r","1485":"t","1486":" ","1487":"{","1488":" ","1489":"t","1490":"o","1491":"a","1492":"s","1493":"t","1494":" ","1495":"}","1496":" ","1497":"f","1498":"r","1499":"o","1500":"m","1501":" ","1502":"'","1503":"v","1504":"u","1505":"e","1506":"3","1507":"-","1508":"t","1509":"o","1510":"a","1511":"s","1512":"t","1513":"i","1514":"f","1515":"y","1516":"'","1517":"\\","1518":"n","1519":"i","1520":"m","1521":"p","1522":"o","1523":"r","1524":"t","1525":" ","1526":"{","1527":" ","1528":"I","1529":"E","1530":"r","1531":"r","1532":"o","1533":"r","1534":" ","1535":"}","1536":" ","1537":"f","1538":"r","1539":"o","1540":"m","1541":" ","1542":"'","1543":"@","1544":"/","1545":"t","1546":"y","1547":"p","1548":"e","1549":"s","1550":"/","1551":"i","1552":"n","1553":"t","1554":"e","1555":"r","1556":"f","1557":"a","1558":"c","1559":"e","1560":"s","1561":"'","1562":"\\","1563":"n","1564":"\\","1565":"n","1566":"e","1567":"x","1568":"p","1569":"o","1570":"r","1571":"t","1572":" ","1573":"d","1574":"e","1575":"f","1576":"a","1577":"u","1578":"l","1579":"t","1580":" ","1581":"d","1582":"e","1583":"f","1584":"i","1585":"n","1586":"e","1587":"C","1588":"o","1589":"m","1590":"p","1591":"o","1592":"n","1593":"e","1594":"n","1595":"t","1596":"(","1597":"{","1598":"\\","1599":"n","1600":" ","1601":" ","1602":" ","1603":" ","1604":"n","1605":"a","1606":"m","1607":"e","1608":":","1609":" ","1610":"'","1611":"V","1612":"T","1613":"N","1614":"'","1615":",","1616":"\\","1617":"n","1618":"\\","1619":"n","1620":" ","1621":" ","1622":" ","1623":" ","1624":"c","1625":"o","1626":"m","1627":"p","1628":"o","1629":"n","1630":"e","1631":"n","1632":"t","1633":"s","1634":":","1635":" ","1636":"{","1637":"\\","1638":"n","1639":" ","1640":" ","1641":" ","1642":" ","1643":" ","1644":" ","1645":" ","1646":" ","1647":"V","1648":"T","1649":"N","1650":"S","1651":"p","1652":"r","1653":"i","1654":"t","1655":"e","1656":",","1657":"\\","1658":"n","1659":" ","1660":" ","1661":" ","1662":" ","1663":" ","1664":" ","1665":" ","1666":" ","1667":"V","1668":"T","1669":"N","1670":"H","1671":"e","1672":"a","1673":"d","1674":"e","1675":"r","1676":",","1677":"\\","1678":"n","1679":" ","1680":" ","1681":" ","1682":" ","1683":" ","1684":" ","1685":" ","1686":" ","1687":"V","1688":"T","1689":"N","1690":"C","1691":"o","1692":"n","1693":"t","1694":"r","1695":"o","1696":"l","1697":"s","1698":",","1699":"\\","1700":"n","1701":" ","1702":" ","1703":" ","1704":" ","1705":" ","1706":" ","1707":" ","1708":" ","1709":"V","1710":"T","1711":"N","1712":"F","1713":"o","1714":"o","1715":"t","1716":"e","1717":"r","1718":"\\","1719":"n","1720":" ","1721":" ","1722":" ","1723":" ","1724":"}","1725":",","1726":"\\","1727":"n","1728":"\\","1729":"n","1730":" ","1731":" ","1732":" ","1733":" ","1734":"c","1735":"o","1736":"m","1737":"p","1738":"u","1739":"t","1740":"e","1741":"d","1742":":","1743":" ","1744":"{","1745":"\\","1746":"n","1747":" ","1748":" ","1749":" ","1750":" ","1751":" ","1752":" ","1753":" ","1754":" ","1755":".","1756":".","1757":".","1758":"m","1759":"a","1760":"p","1761":"S","1762":"t","1763":"a","1764":"t","1765":"e","1766":"(","1767":"[","1768":"\\","1769":"n","1770":" ","1771":" ","1772":" ","1773":" ","1774":" ","1775":" ","1776":" ","1777":" ","1778":" ","1779":" ","1780":" ","1781":" ","1782":"'","1783":"e","1784":"r","1785":"r","1786":"o","1787":"r","1788":"s","1789":"'","1790":"\\","1791":"n","1792":" ","1793":" ","1794":" ","1795":" ","1796":" ","1797":" ","1798":" ","1799":" ","1800":"]","1801":")","1802":",","1803":"\\","1804":"n","1805":"\\","1806":"n","1807":" ","1808":" ","1809":" ","1810":" ","1811":" ","1812":" ","1813":" ","1814":" ","1815":"g","1816":"e","1817":"t","1818":"E","1819":"r","1820":"r","1821":"o","1822":"r","1823":"(","1824":")","1825":":","1826":" ","1827":"I","1828":"E","1829":"r","1830":"r","1831":"o","1832":"r","1833":" ","1834":"{","1835":"\\","1836":"n","1837":" ","1838":" ","1839":" ","1840":" ","1841":" ","1842":" ","1843":" ","1844":" ","1845":" ","1846":" ","1847":" ","1848":" ","1849":"r","1850":"e","1851":"t","1852":"u","1853":"r","1854":"n","1855":" ","1856":"t","1857":"h","1858":"i","1859":"s","1860":".","1861":"e","1862":"r","1863":"r","1864":"o","1865":"r","1866":"s","1867":".","1868":"e","1869":"r","1870":"r","1871":"o","1872":"r","1873":"\\","1874":"n","1875":" ","1876":" ","1877":" ","1878":" ","1879":" ","1880":" ","1881":" ","1882":" ","1883":"}","1884":"\\","1885":"n","1886":" ","1887":" ","1888":" ","1889":" ","1890":"}","1891":",","1892":"\\","1893":"n","1894":"\\","1895":"n","1896":" ","1897":" ","1898":" ","1899":" ","1900":"m","1901":"e","1902":"t","1903":"h","1904":"o","1905":"d","1906":"s","1907":":","1908":" ","1909":"{","1910":"\\","1911":"n","1912":" ","1913":" ","1914":" ","1915":" ","1916":" ","1917":" ","1918":" ","1919":" ","1920":".","1921":".","1922":".","1923":"m","1924":"a","1925":"p","1926":"M","1927":"u","1928":"t","1929":"a","1930":"t","1931":"i","1932":"o","1933":"n","1934":"s","1935":"(","1936":"[","1937":"\\","1938":"n","1939":" ","1940":" ","1941":" ","1942":" ","1943":" ","1944":" ","1945":" ","1946":" ","1947":" ","1948":" ","1949":" ","1950":" ","1951":"'","1952":"C","1953":"L","1954":"E","1955":"A","1956":"R","1957":"_","1958":"E","1959":"R","1960":"R","1961":"O","1962":"R","1963":"'","1964":"\\","1965":"n","1966":" ","1967":" ","1968":" ","1969":" ","1970":" ","1971":" ","1972":" ","1973":" ","1974":"]","1975":")","1976":"\\","1977":"n","1978":" ","1979":" ","1980":" ","1981":" ","1982":"}","1983":",","1984":"\\","1985":"n","1986":"\\","1987":"n","1988":" ","1989":" ","1990":" ","1991":" ","1992":"w","1993":"a","1994":"t","1995":"c","1996":"h","1997":":","1998":" ","1999":"{","2000":"\\","2001":"n","2002":" ","2003":" ","2004":" ","2005":" ","2006":" ","2007":" ","2008":" ","2009":" ","2010":"g","2011":"e","2012":"t","2013":"E","2014":"r","2015":"r","2016":"o","2017":"r","2018":"(","2019":"n","2020":"e","2021":"w","2022":"E","2023":"r","2024":"r","2025":"o","2026":"r","2027":")","2028":" ","2029":"{","2030":"\\","2031":"n","2032":" ","2033":" ","2034":" ","2035":" ","2036":" ","2037":" ","2038":" ","2039":" ","2040":" ","2041":" ","2042":" ","2043":" ","2044":"i","2045":"f","2046":" ","2047":"(","2048":"O","2049":"b","2050":"j","2051":"e","2052":"c","2053":"t","2054":".","2055":"k","2056":"e","2057":"y","2058":"s","2059":"(","2060":"n","2061":"e","2062":"w","2063":"E","2064":"r","2065":"r","2066":"o","2067":"r","2068":")","2069":".","2070":"l","2071":"e","2072":"n","2073":"g","2074":"t","2075":"h","2076":" ","2077":"!","2078":"=","2079":"=","2080":" ","2081":"0","2082":")","2083":" ","2084":"{","2085":"\\","2086":"n","2087":" ","2088":" ","2089":" ","2090":" ","2091":" ","2092":" ","2093":" ","2094":" ","2095":" ","2096":" ","2097":" ","2098":" ","2099":" ","2100":" ","2101":"\\","2102":"n","2103":" ","2104":" ","2105":" ","2106":" ","2107":" ","2108":" ","2109":" ","2110":" ","2111":" ","2112":" ","2113":" ","2114":" ","2115":" ","2116":" ","2117":" ","2118":" ","2119":"t","2120":"o","2121":"a","2122":"s","2123":"t","2124":"(","2125":"n","2126":"e","2127":"w","2128":"E","2129":"r","2130":"r","2131":"o","2132":"r","2133":".","2134":"m","2135":"s","2136":"g","2137":",","2138":" ","2139":"{","2140":"\\","2141":"n","2142":" ","2143":" ","2144":" ","2145":" ","2146":" ","2147":" ","2148":" ","2149":" ","2150":" ","2151":" ","2152":" ","2153":" ","2154":" ","2155":" ","2156":" ","2157":" ","2158":" ","2159":" ","2160":" ","2161":" ","2162":"a","2163":"u","2164":"t","2165":"o","2166":"C","2167":"l","2168":"o","2169":"s","2170":"e","2171":":","2172":" ","2173":"5","2174":"0","2175":"0","2176":"0","2177":",","2178":"\\","2179":"n","2180":" ","2181":" ","2182":" ","2183":" ","2184":" ","2185":" ","2186":" ","2187":" ","2188":" ","2189":" ","2190":" ","2191":" ","2192":" ","2193":" ","2194":" ","2195":" ","2196":" ","2197":" ","2198":" ","2199":" ","2200":"t","2201":"y","2202":"p","2203":"e","2204":":","2205":" ","2206":"n","2207":"e","2208":"w","2209":"E","2210":"r","2211":"r","2212":"o","2213":"r","2214":".","2215":"t","2216":"y","2217":"p","2218":"e","2219":"\\","2220":"n","2221":" ","2222":" ","2223":" ","2224":" ","2225":" ","2226":" ","2227":" ","2228":" ","2229":" ","2230":" ","2231":" ","2232":" ","2233":" ","2234":" ","2235":" ","2236":" ","2237":"}","2238":")","2239":"\\","2240":"n","2241":"\\","2242":"n","2243":" ","2244":" ","2245":" ","2246":" ","2247":" ","2248":" ","2249":" ","2250":" ","2251":" ","2252":" ","2253":" ","2254":" ","2255":" ","2256":" ","2257":" ","2258":" ","2259":"s","2260":"e","2261":"t","2262":"T","2263":"i","2264":"m","2265":"e","2266":"o","2267":"u","2268":"t","2269":"(","2270":"(","2271":")","2272":" ","2273":"=","2274":">","2275":" ","2276":"{","2277":"\\","2278":"n","2279":" ","2280":" ","2281":" ","2282":" ","2283":" ","2284":" ","2285":" ","2286":" ","2287":" ","2288":" ","2289":" ","2290":" ","2291":" ","2292":" ","2293":" ","2294":" ","2295":" ","2296":" ","2297":" ","2298":" ","2299":"t","2300":"h","2301":"i","2302":"s","2303":".","2304":"C","2305":"L","2306":"E","2307":"A","2308":"R","2309":"_","2310":"E","2311":"R","2312":"R","2313":"O","2314":"R","2315":"(","2316":")","2317":"\\","2318":"n","2319":" ","2320":" ","2321":" ","2322":" ","2323":" ","2324":" ","2325":" ","2326":" ","2327":" ","2328":" ","2329":" ","2330":" ","2331":" ","2332":" ","2333":" ","2334":" ","2335":"}","2336":",","2337":" ","2338":"1","2339":"0","2340":"0","2341":"0","2342":")","2343":"\\","2344":"n","2345":" ","2346":" ","2347":" ","2348":" ","2349":" ","2350":" ","2351":" ","2352":" ","2353":" ","2354":" ","2355":" ","2356":" ","2357":"}","2358":"\\","2359":"n","2360":" ","2361":" ","2362":" ","2363":" ","2364":" ","2365":" ","2366":" ","2367":" ","2368":"}","2369":" ","2370":"\\","2371":"n","2372":" ","2373":" ","2374":" ","2375":" ","2376":"}","2377":"\\","2378":"n","2379":"}","2380":")","2381":"\\","2382":"n","2383":"<","2384":"/","2385":"s","2386":"c","2387":"r","2388":"i","2389":"p","2390":"t","2391":">","2392":"\\","2393":"n","2394":"\\","2395":"n","2396":"<","2397":"s","2398":"t","2399":"y","2400":"l","2401":"e","2402":" ","2403":"l","2404":"a","2405":"n","2406":"g","2407":"=","2408":"\\","2409":"\"","2410":"s","2411":"c","2412":"s","2413":"s","2414":"\\","2415":"\"","2416":">","2417":"\\","2418":"n","2419":"@","2420":"i","2421":"m","2422":"p","2423":"o","2424":"r","2425":"t","2426":" ","2427":"'","2428":"@","2429":"/","2430":"a","2431":"s","2432":"s","2433":"e","2434":"t","2435":"s","2436":"/","2437":"s","2438":"t","2439":"y","2440":"l","2441":"e","2442":"/","2443":"s","2444":"c","2445":"s","2446":"s","2447":"/","2448":"l","2449":"a","2450":"y","2451":"o","2452":"u","2453":"t","2454":".","2455":"s","2456":"c","2457":"s","2458":"s","2459":"'","2460":";","2461":"\\","2462":"n","2463":"@","2464":"i","2465":"m","2466":"p","2467":"o","2468":"r","2469":"t","2470":" ","2471":"'","2472":"v","2473":"u","2474":"e","2475":"3","2476":"-","2477":"t","2478":"o","2479":"a","2480":"s","2481":"t","2482":"i","2483":"f","2484":"y","2485":"/","2486":"d","2487":"i","2488":"s","2489":"t","2490":"/","2491":"i","2492":"n","2493":"d","2494":"e","2495":"x","2496":".","2497":"c","2498":"s","2499":"s","2500":"'","2501":";","2502":"\\","2503":"n","2504":"<","2505":"/","2506":"s","2507":"t","2508":"y","2509":"l","2510":"e","2511":">","2512":"\\","2513":"n","2514":"\"","2515":"]","2516":"}"},"_coverageSchema":"1a1c01bbd47fc00a2c39e90264f33305004495a9","hash":"dd19c753e712f2be11c62450045b2a21234f1dbe"}
,"D:\\web\\Vue\\vue-ts-news\\src\\main.ts": {"path":"D:\\web\\Vue\\vue-ts-news\\src\\main.ts","statementMap":{"0":{"start":{"line":1,"column":0},"end":{"line":1,"column":null}},"1":{"start":{"line":2,"column":0},"end":{"line":2,"column":null}},"2":{"start":{"line":3,"column":0},"end":{"line":3,"column":null}},"3":{"start":{"line":4,"column":0},"end":{"line":4,"column":null}},"4":{"start":{"line":6,"column":0},"end":{"line":6,"column":null}}},"fnMap":{},"branchMap":{},"s":{"0":0,"1":0,"2":0,"3":0,"4":0},"f":{},"b":{}}
,"D:\\web\\Vue\\vue-ts-news\\src\\components\\VTNControls.vue": {"path":"D:\\web\\Vue\\vue-ts-news\\src\\components\\VTNControls.vue","statementMap":{"0":{"start":{"line":3,"column":15},"end":{"line":12,"column":1}},"1":{"start":{"line":4,"column":2},"end":{"line":10,"column":4}},"2":{"start":{"line":5,"column":4},"end":{"line":8,"column":5}},"3":{"start":{"line":5,"column":20},"end":{"line":5,"column":21}},"4":{"start":{"line":5,"column":27},"end":{"line":5,"column":43}},"5":{"start":{"line":6,"column":6},"end":{"line":6,"column":23}},"6":{"start":{"line":7,"column":6},"end":{"line":7,"column":83}},"7":{"start":{"line":7,"column":23},"end":{"line":7,"column":83}},"8":{"start":{"line":7,"column":71},"end":{"line":7,"column":83}},"9":{"start":{"line":9,"column":4},"end":{"line":9,"column":13}},"10":{"start":{"line":11,"column":2},"end":{"line":11,"column":41}},"11":{"start":{"line":13,"column":0},"end":{"line":15,"column":3}},"12":{"start":{"line":16,"column":12},"end":{"line":16,"column":26}},"13":{"start":{"line":17,"column":13},"end":{"line":17,"column":28}},"14":{"start":{"line":18,"column":0},"end":{"line":54,"column":3}},"15":{"start":{"line":21,"column":4},"end":{"line":31,"column":6}},"16":{"start":{"line":36,"column":16},"end":{"line":38,"column":8}},"17":{"start":{"line":37,"column":8},"end":{"line":37,"column":32}},"18":{"start":{"line":39,"column":6},"end":{"line":41,"column":9}},"19":{"start":{"line":40,"column":8},"end":{"line":40,"column":35}},"20":{"start":{"line":42,"column":6},"end":{"line":42,"column":41}},"21":{"start":{"line":43,"column":6},"end":{"line":43,"column":48}},"22":{"start":{"line":44,"column":6},"end":{"line":44,"column":31}},"23":{"start":{"line":47,"column":6},"end":{"line":47,"column":46}},"24":{"start":{"line":51,"column":19},"end":{"line":51,"column":64}},"25":{"start":{"line":52,"column":4},"end":{"line":52,"column":27}},"26":{"start":{"line":55,"column":0},"end":{"line":55,"column":13}},"27":{"start":{"line":56,"column":0},"end":{"line":56,"column":62}},"28":{"start":{"line":57,"column":0},"end":{"line":57,"column":24}},"29":{"start":{"line":58,"column":12},"end":{"line":58,"column":26}},"30":{"start":{"line":59,"column":17},"end":{"line":59,"column":42}},"31":{"start":{"line":60,"column":17},"end":{"line":60,"column":47}},"32":{"start":{"line":61,"column":17},"end":{"line":61,"column":48}},"33":{"start":{"line":62,"column":17},"end":{"line":62,"column":28}},"34":{"start":{"line":63,"column":17},"end":{"line":63,"column":48}},"35":{"start":{"line":64,"column":17},"end":{"line":64,"column":31}},"36":{"start":{"line":66,"column":33},"end":{"line":66,"column":75}},"37":{"start":{"line":67,"column":4},"end":{"line":97,"column":8}},"38":{"start":{"line":70,"column":16},"end":{"line":79,"column":70}},"39":{"start":{"line":75,"column":62},"end":{"line":77,"column":22}},"40":{"start":{"line":84,"column":16},"end":{"line":94,"column":55}},"41":{"start":{"line":86,"column":49},"end":{"line":86,"column":82}},"42":{"start":{"line":99,"column":0},"end":{"line":99,"column":24}},"43":{"start":{"line":100,"column":1},"end":{"line":100,"column":48}}},"fnMap":{"0":{"name":"(anonymous_0)","decl":{"start":{"line":3,"column":40},"end":{"line":3,"column":41}},"loc":{"start":{"line":3,"column":52},"end":{"line":12,"column":1}},"line":3},"1":{"name":"(anonymous_1)","decl":{"start":{"line":4,"column":30},"end":{"line":4,"column":31}},"loc":{"start":{"line":4,"column":43},"end":{"line":10,"column":3}},"line":4},"2":{"name":"(anonymous_2)","decl":{"start":{"line":20,"column":8},"end":{"line":20,"column":9}},"loc":{"start":{"line":20,"column":20},"end":{"line":32,"column":3}},"line":20},"3":{"name":"(anonymous_3)","decl":{"start":{"line":35,"column":13},"end":{"line":35,"column":14}},"loc":{"start":{"line":35,"column":29},"end":{"line":45,"column":5}},"line":35},"4":{"name":"(anonymous_4)","decl":{"start":{"line":36,"column":40},"end":{"line":36,"column":41}},"loc":{"start":{"line":36,"column":54},"end":{"line":38,"column":7}},"line":36},"5":{"name":"(anonymous_5)","decl":{"start":{"line":39,"column":28},"end":{"line":39,"column":29}},"loc":{"start":{"line":39,"column":42},"end":{"line":41,"column":7}},"line":39},"6":{"name":"(anonymous_6)","decl":{"start":{"line":46,"column":16},"end":{"line":46,"column":17}},"loc":{"start":{"line":46,"column":32},"end":{"line":48,"column":5}},"line":46},"7":{"name":"(anonymous_7)","decl":{"start":{"line":50,"column":11},"end":{"line":50,"column":12}},"loc":{"start":{"line":50,"column":23},"end":{"line":53,"column":3}},"line":50},"8":{"name":"render","decl":{"start":{"line":65,"column":9},"end":{"line":65,"column":15}},"loc":{"start":{"line":65,"column":30},"end":{"line":98,"column":1}},"line":65},"9":{"name":"(anonymous_9)","decl":{"start":{"line":69,"column":135},"end":{"line":69,"column":136}},"loc":{"start":{"line":69,"column":151},"end":{"line":80,"column":13}},"line":69},"10":{"name":"(anonymous_10)","decl":{"start":{"line":75,"column":48},"end":{"line":75,"column":49}},"loc":{"start":{"line":75,"column":60},"end":{"line":77,"column":24}},"line":75},"11":{"name":"(anonymous_11)","decl":{"start":{"line":83,"column":130},"end":{"line":83,"column":131}},"loc":{"start":{"line":83,"column":146},"end":{"line":95,"column":13}},"line":83},"12":{"name":"(anonymous_12)","decl":{"start":{"line":86,"column":29},"end":{"line":86,"column":30}},"loc":{"start":{"line":86,"column":47},"end":{"line":86,"column":84}},"line":86}},"branchMap":{"0":{"loc":{"start":{"line":3,"column":15},"end":{"line":12,"column":1}},"type":"binary-expr","locations":[{"start":{"line":3,"column":15},"end":{"line":3,"column":19}},{"start":{"line":3,"column":23},"end":{"line":3,"column":36}},{"start":{"line":3,"column":40},"end":{"line":12,"column":1}}],"line":3},"1":{"loc":{"start":{"line":4,"column":13},"end":{"line":10,"column":3}},"type":"binary-expr","locations":[{"start":{"line":4,"column":13},"end":{"line":4,"column":26}},{"start":{"line":4,"column":30},"end":{"line":10,"column":3}}],"line":4},"2":{"loc":{"start":{"line":7,"column":23},"end":{"line":7,"column":83}},"type":"if","locations":[{"start":{"line":7,"column":23},"end":{"line":7,"column":83}},{"start":{},"end":{}}],"line":7},"3":{"loc":{"start":{"line":51,"column":19},"end":{"line":51,"column":64}},"type":"binary-expr","locations":[{"start":{"line":51,"column":19},"end":{"line":51,"column":54}},{"start":{"line":51,"column":58},"end":{"line":51,"column":64}}],"line":51}},"s":{"0":2,"1":2,"2":0,"3":0,"4":0,"5":0,"6":0,"7":0,"8":0,"9":0,"10":2,"11":2,"12":2,"13":2,"14":2,"15":7,"16":9,"17":10,"18":9,"19":18,"20":9,"21":9,"22":9,"23":30,"24":8,"25":8,"26":2,"27":2,"28":2,"29":2,"30":2,"31":2,"32":2,"33":2,"34":2,"35":2,"36":9,"37":9,"38":27,"39":0,"40":18,"41":1,"42":2,"43":2},"f":{"0":2,"1":0,"2":7,"3":9,"4":10,"5":18,"6":30,"7":8,"8":9,"9":27,"10":0,"11":18,"12":1},"b":{"0":[2,2,2],"1":[2,0],"2":[0,0],"3":[8,0]},"inputSourceMap":{"0":"{","1":"\"","2":"v","3":"e","4":"r","5":"s","6":"i","7":"o","8":"n","9":"\"","10":":","11":"3","12":",","13":"\"","14":"s","15":"o","16":"u","17":"r","18":"c","19":"e","20":"s","21":"\"","22":":","23":"[","24":"\"","25":"D","26":":","27":"\\","28":"\\","29":"w","30":"e","31":"b","32":"\\","33":"\\","34":"V","35":"u","36":"e","37":"\\","38":"\\","39":"v","40":"u","41":"e","42":"-","43":"t","44":"s","45":"-","46":"n","47":"e","48":"w","49":"s","50":"\\","51":"\\","52":"s","53":"r","54":"c","55":"\\","56":"\\","57":"c","58":"o","59":"m","60":"p","61":"o","62":"n","63":"e","64":"n","65":"t","66":"s","67":"\\","68":"\\","69":"V","70":"T","71":"N","72":"C","73":"o","74":"n","75":"t","76":"r","77":"o","78":"l","79":"s","80":".","81":"v","82":"u","83":"e","84":"\"","85":"]","86":",","87":"\"","88":"n","89":"a","90":"m","91":"e","92":"s","93":"\"","94":":","95":"[","96":"]","97":",","98":"\"","99":"m","100":"a","101":"p","102":"p","103":"i","104":"n","105":"g","106":"s","107":"\"","108":":","109":"\"","110":";","111":";","112":";","113":";","114":";","115":";","116":";","117":";","118":";","119":";","120":";","121":";","122":";","123":";","124":";","125":"A","126":"A","127":"+","128":"B","129":"A","130":";","131":"A","132":"A","133":"C","134":"A","135":";","136":"A","137":"A","138":"G","139":"A","140":",","141":"k","142":"B","143":"A","144":"A","145":"e","146":",","147":"y","148":"B","149":"A","150":"A","151":"e","152":",","153":"E","154":"A","155":"A","156":"C","157":";","158":"E","159":"A","160":"C","161":"3","162":"B","163":",","164":"I","165":"A","166":"A","167":"I","168":",","169":"E","170":"A","171":"A","172":"E","173":",","174":"a","175":"A","176":"A","177":"a","178":";","179":"E","180":"A","181":"E","182":"n","183":"B","184":",","185":"I","186":"A","187":"A","188":"I","189":",","190":"E","191":"A","192":"A","193":"J","194":";","195":"I","196":"A","197":"C","198":"I","199":",","200":"O","201":"A","202":"A","203":"O","204":";","205":"M","206":"A","207":"C","208":"H","209":",","210":"Q","211":"A","212":"A","213":"Q","214":",","215":"E","216":"A","217":"A","218":"E","219":",","220":"C","221":"A","222":"C","223":"N","224":";","225":"Q","226":"A","227":"A","228":"C","229":",","230":"E","231":"A","232":"A","233":"E","234":",","235":"E","236":"A","237":"A","238":"E","239":",","240":"C","241":"A","242":"A","243":"C","244":";","245":"Q","246":"A","247":"A","248":"E","249":",","250":"I","251":"A","252":"A","253":"I","254":",","255":"E","256":"A","257":"A","258":"E","259":",","260":"M","261":"A","262":"A","263":"M","264":";","265":"Q","266":"A","267":"A","268":"E","269":",","270":"Q","271":"A","272":"A","273":"Q","274":",","275":"E","276":"A","277":"A","278":"E","279":";","280":"M","281":"A","282":"A","283":"I","284":",","285":"C","286":"A","287":"A","288":"C","289":",","290":"E","291":"A","292":"C","293":"r","294":"C","295":";","296":"Q","297":"A","298":"A","299":"C","300":",","301":"E","302":"A","303":"A","304":"E","305":",","306":"E","307":"A","308":"A","309":"E","310":",","311":"C","312":"A","313":"A","314":"C","315":";","316":"Q","317":"A","318":"A","319":"E","320":",","321":"I","322":"A","323":"A","324":"I","325":",","326":"E","327":"A","328":"A","329":"E","330":",","331":"M","332":"A","333":"A","334":"M","335":";","336":"Q","337":"A","338":"A","339":"G","340":",","341":"Q","342":"A","343":"A","344":"Q","345":",","346":"E","347":"A","348":"A","349":"E","350":";","351":"M","352":"A","353":"A","354":"K","355":",","356":"C","357":"A","358":"A","359":"C","360":";","361":"K","362":"A","363":"E","364":"9","365":"C","366":";","367":"E","368":"A","369":"C","370":"L","371":",","372":"C","373":"A","374":"A","375":"C","376":";","377":"E","378":"A","379":"E","380":"D","381":",","382":"Q","383":"A","384":"A","385":"Q","386":",","387":"e","388":"A","389":"C","390":"D","391":",","392":"m","393":"B","394":"A","395":"A","396":"Q","397":",","398":"E","399":"A","400":"A","401":"C","402":",","403":"C","404":"A","405":"C","406":"R","407":",","408":"M","409":"A","410":"A","411":"M","412":",","413":"C","414":"A","415":"C","416":"T","417":",","418":"C","419":"A","420":"A","421":"C","422":",","423":"C","424":"A","425":"C","426":"L","427":";","428":"E","429":"A","430":"E","431":"D","432":",","433":"O","434":"A","435":"A","436":"O","437":",","438":"w","439":"B","440":"A","441":"C","442":"A","443":",","444":"u","445":"B","446":"A","447":"A","448":"Y","449":",","450":"E","451":"A","452":"A","453":"C","454":",","455":"C","456":"A","457":"C","458":"Z","459":",","460":"e","461":"A","462":"A","463":"e","464":",","465":"C","466":"A","467":"C","468":"l","469":"B","470":",","471":"C","472":"A","473":"A","474":"C","475":";","476":"I","477":"A","478":"E","479":"F","480":",","481":"O","482":"A","483":"A","484":"O","485":",","486":"E","487":"A","488":"A","489":"P","490":",","491":"U","492":"A","493":"A","494":"Q","495":",","496":"I","497":"A","498":"A","499":"Y","500":";","501":"M","502":"A","503":"C","504":"h","505":"B","506":",","507":"I","508":"A","509":"A","510":"I","511":",","512":"G","513":"A","514":"A","515":"G","516":",","517":"G","518":"A","519":"A","520":"G","521":",","522":"I","523":"A","524":"A","525":"I","526":",","527":"C","528":"A","529":"A","530":"C","531":",","532":"Q","533":"A","534":"A","535":"Q","536":",","537":"C","538":"A","539":"A","540":"C","541":",","542":"S","543":"A","544":"A","545":"S","546":",","547":"C","548":"A","549":"A","550":"C","551":",","552":"Y","553":"A","554":"A","555":"E","556":";","557":"Q","558":"A","559":"A","560":"I","561":",","562":"S","563":"A","564":"A","565":"E","566":",","567":"C","568":"A","569":"A","570":"C","571":",","572":"I","573":"A","574":"A","575":"I","576":",","577":"K","578":"A","579":"A","580":"K","581":",","582":"I","583":"A","584":"A","585":"I","586":";","587":"M","588":"A","589":"A","590":"h","591":"B","592":",","593":"C","594":"A","595":"A","596":"g","597":"B","598":",","599":"C","600":"A","601":"A","602":"C","603":";","604":"M","605":"A","606":"E","607":"z","608":"D","609":",","610":"I","611":"A","612":"A","613":"I","614":",","615":"C","616":"A","617":"A","618":"C","619":",","620":"Q","621":"A","622":"A","623":"Q","624":",","625":"C","626":"A","627":"A","628":"C","629":",","630":"O","631":"A","632":"A","633":"O","634":",","635":"C","636":"A","637":"A","638":"C","639":",","640":"U","641":"A","642":"A","643":"C","644":",","645":"E","646":"A","647":"A","648":"E","649":";","650":"Q","651":"A","652":"A","653":"K","654":",","655":"S","656":"A","657":"A","658":"E","659":",","660":"C","661":"A","662":"A","663":"C","664":",","665":"Q","666":"A","667":"A","668":"Q","669":",","670":"G","671":"A","672":"A","673":"G","674":",","675":"K","676":"A","677":"A","678":"K","679":";","680":"M","681":"A","682":"A","683":"n","684":"B","685":",","686":"C","687":"A","688":"A","689":"m","690":"B","691":",","692":"C","693":"A","694":"A","695":"C","696":";","697":"M","698":"A","699":"C","700":"l","701":"D","702":",","703":"I","704":"A","705":"A","706":"I","707":",","708":"C","709":"A","710":"A","711":"C","712":",","713":"Q","714":"A","715":"A","716":"Q","717":",","718":"C","719":"A","720":"A","721":"C","722":",","723":"G","724":"A","725":"A","726":"G","727":",","728":"C","729":"A","730":"A","731":"C","732":",","733":"C","734":"A","735":"A","736":"C","737":",","738":"Q","739":"A","740":"A","741":"Q","742":",","743":"G","744":"A","745":"A","746":"G","747":",","748":"I","749":"A","750":"A","751":"I","752":";","753":"M","754":"A","755":"E","756":"l","757":"C","758":",","759":"Y","760":"A","761":"A","762":"Y","763":",","764":"C","765":"A","766":"A","767":"C","768":",","769":"O","770":"A","771":"A","772":"O","773":",","774":"C","775":"A","776":"A","777":"C","778":",","779":"a","780":"A","781":"A","782":"a","783":",","784":"E","785":"A","786":"A","787":"E","788":",","789":"I","790":"A","791":"A","792":"I","793":",","794":"C","795":"A","796":"A","797":"C","798":";","799":"M","800":"A","801":"E","802":"z","803":"C","804":",","805":"I","806":"A","807":"A","808":"I","809":",","810":"C","811":"A","812":"A","813":"C","814":",","815":"a","816":"A","817":"A","818":"a","819":",","820":"C","821":"A","822":"A","823":"C","824":",","825":"I","826":"A","827":"A","828":"I","829":",","830":"C","831":"A","832":"A","833":"C","834":";","835":"I","836":"A","837":"C","838":"5","839":"B","840":",","841":"C","842":"A","843":"A","844":"C","845":";","846":"I","847":"A","848":"E","849":"D","850":",","851":"U","852":"A","853":"A","854":"U","855":",","856":"E","857":"A","858":"A","859":"V","860":",","861":"U","862":"A","863":"A","864":"W","865":",","866":"I","867":"A","868":"A","869":"Y","870":";","871":"M","872":"A","873":"C","874":"n","875":"B","876":",","877":"O","878":"A","879":"A","880":"O","881":",","882":"I","883":"A","884":"A","885":"I","886":",","887":"K","888":"A","889":"A","890":"K","891":",","892":"I","893":"A","894":"A","895":"I","896":",","897":"C","898":"A","899":"A","900":"C","901":",","902":"I","903":"A","904":"A","905":"I","906":",","907":"C","908":"A","909":"A","910":"C","911":",","912":"a","913":"A","914":"A","915":"a","916":";","917":"I","918":"A","919":"C","920":"3","921":"C","922":";","923":"E","924":"A","925":"A","926":"C","927":",","928":"E","929":"A","930":"C","931":"J","932":";","933":"E","934":"A","935":"E","936":"D","937":",","938":"O","939":"A","940":"A","941":"O","942":";","943":"I","944":"A","945":"C","946":"H","947":",","948":"I","949":"A","950":"A","951":"I","952":",","953":"Q","954":"A","955":"A","956":"Q","957":",","958":"G","959":"A","960":"A","961":"G","962":",","963":"Y","964":"A","965":"A","966":"Y","967":",","968":"C","969":"A","970":"A","971":"C","972":",","973":"O","974":"A","975":"A","976":"O","977":",","978":"C","979":"A","980":"A","981":"C","982":",","983":"a","984":"A","985":"A","986":"a","987":",","988":"C","989":"A","990":"A","991":"C","992":",","993":"I","994":"A","995":"A","996":"I","997":",","998":"M","999":"A","1000":"A","1001":"M","1002":";","1003":"I","1004":"A","1005":"E","1006":"5","1007":"D","1008":",","1009":"I","1010":"A","1011":"A","1012":"I","1013":",","1014":"C","1015":"A","1016":"A","1017":"C","1018":",","1019":"O","1020":"A","1021":"A","1022":"O","1023":",","1024":"C","1025":"A","1026":"A","1027":"C","1028":",","1029":"Q","1030":"A","1031":"A","1032":"Q","1033":",","1034":"C","1035":"A","1036":"A","1037":"C","1038":";","1039":"E","1040":"A","1041":"C","1042":"1","1043":"B","1044":";","1045":"C","1046":"A","1047":"C","1048":"H","1049":",","1050":"C","1051":"A","1052":"A","1053":"C","1054":"\"","1055":",","1056":"\"","1057":"f","1058":"i","1059":"l","1060":"e","1061":"\"","1062":":","1063":"\"","1064":"D","1065":":","1066":"\\","1067":"\\","1068":"w","1069":"e","1070":"b","1071":"\\","1072":"\\","1073":"V","1074":"u","1075":"e","1076":"\\","1077":"\\","1078":"v","1079":"u","1080":"e","1081":"-","1082":"t","1083":"s","1084":"-","1085":"n","1086":"e","1087":"w","1088":"s","1089":"\\","1090":"\\","1091":"s","1092":"r","1093":"c","1094":"\\","1095":"\\","1096":"c","1097":"o","1098":"m","1099":"p","1100":"o","1101":"n","1102":"e","1103":"n","1104":"t","1105":"s","1106":"\\","1107":"\\","1108":"V","1109":"T","1110":"N","1111":"C","1112":"o","1113":"n","1114":"t","1115":"r","1116":"o","1117":"l","1118":"s","1119":".","1120":"v","1121":"u","1122":"e","1123":"\"","1124":",","1125":"\"","1126":"s","1127":"o","1128":"u","1129":"r","1130":"c","1131":"e","1132":"s","1133":"C","1134":"o","1135":"n","1136":"t","1137":"e","1138":"n","1139":"t","1140":"\"","1141":":","1142":"[","1143":"\"","1144":"<","1145":"t","1146":"e","1147":"m","1148":"p","1149":"l","1150":"a","1151":"t","1152":"e","1153":">","1154":"\\","1155":"r","1156":"\\","1157":"n","1158":" ","1159":" ","1160":" ","1161":" ","1162":"<","1163":"d","1164":"i","1165":"v","1166":" ","1167":"c","1168":"l","1169":"a","1170":"s","1171":"s","1172":"=","1173":"\\","1174":"\"","1175":"v","1176":"t","1177":"n","1178":"-","1179":"c","1180":"o","1181":"n","1182":"t","1183":"r","1184":"o","1185":"l","1186":"s","1187":"\\","1188":"\"","1189":">","1190":"\\","1191":"r","1192":"\\","1193":"n","1194":" ","1195":" ","1196":" ","1197":" ","1198":" ","1199":" ","1200":" ","1201":" ","1202":"<","1203":"n","1204":"a","1205":"v","1206":" ","1207":"c","1208":"l","1209":"a","1210":"s","1211":"s","1212":"=","1213":"\\","1214":"\"","1215":"v","1216":"t","1217":"n","1218":"-","1219":"c","1220":"o","1221":"n","1222":"t","1223":"r","1224":"o","1225":"l","1226":"s","1227":"_","1228":"_","1229":"n","1230":"a","1231":"v","1232":"\\","1233":"\"","1234":">","1235":"\\","1236":"r","1237":"\\","1238":"n","1239":" ","1240":" ","1241":" ","1242":" ","1243":" ","1244":" ","1245":" ","1246":" ","1247":" ","1248":" ","1249":" ","1250":" ","1251":"<","1252":"r","1253":"o","1254":"u","1255":"t","1256":"e","1257":"r","1258":"-","1259":"l","1260":"i","1261":"n","1262":"k","1263":"\\","1264":"r","1265":"\\","1266":"n","1267":" ","1268":" ","1269":" ","1270":" ","1271":" ","1272":" ","1273":" ","1274":" ","1275":" ","1276":" ","1277":" ","1278":" ","1279":" ","1280":" ","1281":" ","1282":" ","1283":"v","1284":"-","1285":"f","1286":"o","1287":"r","1288":"=","1289":"\\","1290":"\"","1291":"i","1292":"t","1293":"e","1294":"m","1295":" ","1296":"i","1297":"n","1298":" ","1299":"n","1300":"e","1301":"w","1302":"s","1303":".","1304":"c","1305":"h","1306":"a","1307":"n","1308":"n","1309":"e","1310":"l","1311":"s","1312":"\\","1313":"\"","1314":"\\","1315":"r","1316":"\\","1317":"n","1318":" ","1319":" ","1320":" ","1321":" ","1322":" ","1323":" ","1324":" ","1325":" ","1326":" ","1327":" ","1328":" ","1329":" ","1330":" ","1331":" ","1332":" ","1333":" ","1334":":","1335":"k","1336":"e","1337":"y","1338":"=","1339":"\\","1340":"\"","1341":"i","1342":"t","1343":"e","1344":"m","1345":".","1346":"i","1347":"d","1348":"\\","1349":"\"","1350":"\\","1351":"r","1352":"\\","1353":"n","1354":" ","1355":" ","1356":" ","1357":" ","1358":" ","1359":" ","1360":" ","1361":" ","1362":" ","1363":" ","1364":" ","1365":" ","1366":" ","1367":" ","1368":" ","1369":" ","1370":":","1371":"t","1372":"o","1373":"=","1374":"\\","1375":"\"","1376":"`","1377":"/","1378":"$","1379":"{","1380":"i","1381":"t","1382":"e","1383":"m","1384":".","1385":"c","1386":"o","1387":"d","1388":"e","1389":"}","1390":"/","1391":"1","1392":"`","1393":"\\","1394":"\"","1395":"\\","1396":"r","1397":"\\","1398":"n","1399":" ","1400":" ","1401":" ","1402":" ","1403":" ","1404":" ","1405":" ","1406":" ","1407":" ","1408":" ","1409":" ","1410":" ","1411":" ","1412":" ","1413":" ","1414":" ","1415":"c","1416":"l","1417":"a","1418":"s","1419":"s","1420":"=","1421":"\\","1422":"\"","1423":"v","1424":"t","1425":"n","1426":"-","1427":"c","1428":"o","1429":"n","1430":"t","1431":"r","1432":"o","1433":"l","1434":"s","1435":"_","1436":"_","1437":"l","1438":"i","1439":"n","1440":"k","1441":"\\","1442":"\"","1443":"\\","1444":"r","1445":"\\","1446":"n","1447":" ","1448":" ","1449":" ","1450":" ","1451":" ","1452":" ","1453":" ","1454":" ","1455":" ","1456":" ","1457":" ","1458":" ","1459":" ","1460":" ","1461":" ","1462":" ","1463":":","1464":"c","1465":"l","1466":"a","1467":"s","1468":"s","1469":"=","1470":"\\","1471":"\"","1472":"{","1473":" ","1474":"'","1475":"v","1476":"t","1477":"n","1478":"-","1479":"c","1480":"o","1481":"n","1482":"t","1483":"r","1484":"o","1485":"l","1486":"s","1487":"_","1488":"_","1489":"l","1490":"i","1491":"n","1492":"k","1493":"-","1494":"-","1495":"a","1496":"c","1497":"t","1498":"i","1499":"v","1500":"e","1501":"'","1502":" ","1503":":","1504":" ","1505":"a","1506":"c","1507":"t","1508":"i","1509":"v","1510":"e","1511":"L","1512":"i","1513":"n","1514":"k","1515":"(","1516":"i","1517":"t","1518":"e","1519":"m","1520":".","1521":"c","1522":"o","1523":"d","1524":"e","1525":")","1526":" ","1527":"}","1528":"\\","1529":"\"","1530":" ","1531":"\\","1532":"r","1533":"\\","1534":"n","1535":" ","1536":" ","1537":" ","1538":" ","1539":" ","1540":" ","1541":" ","1542":" ","1543":" ","1544":" ","1545":" ","1546":" ","1547":">","1548":"\\","1549":"r","1550":"\\","1551":"n","1552":" ","1553":" ","1554":" ","1555":" ","1556":" ","1557":" ","1558":" ","1559":" ","1560":" ","1561":" ","1562":" ","1563":" ","1564":" ","1565":" ","1566":" ","1567":" ","1568":"{","1569":"{","1570":" ","1571":"i","1572":"t","1573":"e","1574":"m","1575":".","1576":"t","1577":"i","1578":"t","1579":"l","1580":"e","1581":" ","1582":"}","1583":"}","1584":"\\","1585":"r","1586":"\\","1587":"n","1588":" ","1589":" ","1590":" ","1591":" ","1592":" ","1593":" ","1594":" ","1595":" ","1596":" ","1597":" ","1598":" ","1599":" ","1600":"<","1601":"/","1602":"r","1603":"o","1604":"u","1605":"t","1606":"e","1607":"r","1608":"-","1609":"l","1610":"i","1611":"n","1612":"k","1613":">","1614":"\\","1615":"r","1616":"\\","1617":"n","1618":" ","1619":" ","1620":" ","1621":" ","1622":" ","1623":" ","1624":" ","1625":" ","1626":"<","1627":"/","1628":"n","1629":"a","1630":"v","1631":">","1632":"\\","1633":"r","1634":"\\","1635":"n","1636":"\\","1637":"r","1638":"\\","1639":"n","1640":" ","1641":" ","1642":" ","1643":" ","1644":" ","1645":" ","1646":" ","1647":" ","1648":"<","1649":"d","1650":"i","1651":"v","1652":" ","1653":"c","1654":"l","1655":"a","1656":"s","1657":"s","1658":"=","1659":"\\","1660":"\"","1661":"v","1662":"t","1663":"n","1664":"-","1665":"c","1666":"o","1667":"n","1668":"t","1669":"r","1670":"o","1671":"l","1672":"s","1673":"_","1674":"_","1675":"i","1676":"t","1677":"e","1678":"m","1679":"\\","1680":"\"","1681":">","1682":"\\","1683":"r","1684":"\\","1685":"n","1686":" ","1687":" ","1688":" ","1689":" ","1690":" ","1691":" ","1692":" ","1693":" ","1694":" ","1695":" ","1696":" ","1697":" ","1698":"<","1699":"b","1700":"u","1701":"t","1702":"t","1703":"o","1704":"n","1705":"\\","1706":"r","1707":"\\","1708":"n","1709":" ","1710":" ","1711":" ","1712":" ","1713":" ","1714":" ","1715":" ","1716":" ","1717":" ","1718":" ","1719":" ","1720":" ","1721":" ","1722":" ","1723":" ","1724":" ","1725":"v","1726":"-","1727":"f","1728":"o","1729":"r","1730":"=","1731":"\\","1732":"\"","1733":"i","1734":"t","1735":"e","1736":"m","1737":" ","1738":"i","1739":"n","1740":" ","1741":"m","1742":"o","1743":"d","1744":"e","1745":"B","1746":"t","1747":"n","1748":"s","1749":"\\","1750":"\"","1751":"\\","1752":"r","1753":"\\","1754":"n","1755":" ","1756":" ","1757":" ","1758":" ","1759":" ","1760":" ","1761":" ","1762":" ","1763":" ","1764":" ","1765":" ","1766":" ","1767":" ","1768":" ","1769":" ","1770":" ","1771":":","1772":"k","1773":"e","1774":"y","1775":"=","1776":"\\","1777":"\"","1778":"i","1779":"t","1780":"e","1781":"m","1782":".","1783":"i","1784":"d","1785":"\\","1786":"\"","1787":"\\","1788":"r","1789":"\\","1790":"n","1791":" ","1792":" ","1793":" ","1794":" ","1795":" ","1796":" ","1797":" ","1798":" ","1799":" ","1800":" ","1801":" ","1802":" ","1803":" ","1804":" ","1805":" ","1806":" ","1807":"@","1808":"c","1809":"l","1810":"i","1811":"c","1812":"k","1813":"=","1814":"\\","1815":"\"","1816":"s","1817":"e","1818":"t","1819":"V","1820":"i","1821":"e","1822":"w","1823":"(","1824":"i","1825":"t","1826":"e","1827":"m","1828":".","1829":"m","1830":"o","1831":"d","1832":"e","1833":")","1834":"\\","1835":"\"","1836":"\\","1837":"r","1838":"\\","1839":"n","1840":" ","1841":" ","1842":" ","1843":" ","1844":" ","1845":" ","1846":" ","1847":" ","1848":" ","1849":" ","1850":" ","1851":" ","1852":" ","1853":" ","1854":" ","1855":" ","1856":"c","1857":"l","1858":"a","1859":"s","1860":"s","1861":"=","1862":"\\","1863":"\"","1864":"v","1865":"t","1866":"n","1867":"-","1868":"c","1869":"o","1870":"n","1871":"t","1872":"r","1873":"o","1874":"l","1875":"s","1876":"_","1877":"_","1878":"b","1879":"t","1880":"n","1881":"\\","1882":"\"","1883":"\\","1884":"r","1885":"\\","1886":"n","1887":" ","1888":" ","1889":" ","1890":" ","1891":" ","1892":" ","1893":" ","1894":" ","1895":" ","1896":" ","1897":" ","1898":" ","1899":" ","1900":" ","1901":" ","1902":" ","1903":":","1904":"c","1905":"l","1906":"a","1907":"s","1908":"s","1909":"=","1910":"\\","1911":"\"","1912":"{","1913":"'","1914":"v","1915":"t","1916":"n","1917":"-","1918":"c","1919":"o","1920":"n","1921":"t","1922":"r","1923":"o","1924":"l","1925":"s","1926":"_","1927":"_","1928":"b","1929":"t","1930":"n","1931":"-","1932":"-","1933":"a","1934":"c","1935":"t","1936":"i","1937":"v","1938":"e","1939":"'","1940":" ","1941":":","1942":" ","1943":"i","1944":"t","1945":"e","1946":"m","1947":".","1948":"i","1949":"s","1950":"A","1951":"c","1952":"t","1953":"i","1954":"v","1955":"e","1956":"}","1957":"\\","1958":"\"","1959":"\\","1960":"r","1961":"\\","1962":"n","1963":" ","1964":" ","1965":" ","1966":" ","1967":" ","1968":" ","1969":" ","1970":" ","1971":" ","1972":" ","1973":" ","1974":" ","1975":">","1976":"\\","1977":"r","1978":"\\","1979":"n","1980":" ","1981":" ","1982":" ","1983":" ","1984":" ","1985":" ","1986":" ","1987":" ","1988":" ","1989":" ","1990":" ","1991":" ","1992":" ","1993":" ","1994":" ","1995":" ","1996":"<","1997":"s","1998":"v","1999":"g","2000":" ","2001":"c","2002":"l","2003":"a","2004":"s","2005":"s","2006":"=","2007":"\\","2008":"\"","2009":"v","2010":"t","2011":"n","2012":"-","2013":"c","2014":"o","2015":"n","2016":"t","2017":"r","2018":"o","2019":"l","2020":"s","2021":"_","2022":"_","2023":"i","2024":"c","2025":"o","2026":"n","2027":"\\","2028":"\"","2029":">","2030":"\\","2031":"r","2032":"\\","2033":"n","2034":" ","2035":" ","2036":" ","2037":" ","2038":" ","2039":" ","2040":" ","2041":" ","2042":" ","2043":" ","2044":" ","2045":" ","2046":" ","2047":" ","2048":" ","2049":" ","2050":" ","2051":" ","2052":" ","2053":" ","2054":"<","2055":"u","2056":"s","2057":"e","2058":" ","2059":":","2060":"x","2061":"l","2062":"i","2063":"n","2064":"k","2065":":","2066":"h","2067":"r","2068":"e","2069":"f","2070":"=","2071":"\\","2072":"\"","2073":"`","2074":"#","2075":"i","2076":"c","2077":"o","2078":"n","2079":"_","2080":"$","2081":"{","2082":"i","2083":"t","2084":"e","2085":"m","2086":".","2087":"m","2088":"o","2089":"d","2090":"e","2091":"}","2092":"`","2093":"\\","2094":"\"","2095":">","2096":"<","2097":"/","2098":"u","2099":"s","2100":"e","2101":">","2102":"\\","2103":"r","2104":"\\","2105":"n","2106":" ","2107":" ","2108":" ","2109":" ","2110":" ","2111":" ","2112":" ","2113":" ","2114":" ","2115":" ","2116":" ","2117":" ","2118":" ","2119":" ","2120":" ","2121":" ","2122":"<","2123":"/","2124":"s","2125":"v","2126":"g","2127":">","2128":"\\","2129":"r","2130":"\\","2131":"n","2132":" ","2133":" ","2134":" ","2135":" ","2136":" ","2137":" ","2138":" ","2139":" ","2140":" ","2141":" ","2142":" ","2143":" ","2144":"<","2145":"/","2146":"b","2147":"u","2148":"t","2149":"t","2150":"o","2151":"n","2152":">","2153":"\\","2154":"r","2155":"\\","2156":"n","2157":" ","2158":" ","2159":" ","2160":" ","2161":" ","2162":" ","2163":" ","2164":" ","2165":"<","2166":"/","2167":"d","2168":"i","2169":"v","2170":">","2171":"\\","2172":"r","2173":"\\","2174":"n","2175":" ","2176":" ","2177":" ","2178":" ","2179":"<","2180":"/","2181":"d","2182":"i","2183":"v","2184":">","2185":"\\","2186":"r","2187":"\\","2188":"n","2189":"<","2190":"/","2191":"t","2192":"e","2193":"m","2194":"p","2195":"l","2196":"a","2197":"t","2198":"e","2199":">","2200":"\\","2201":"r","2202":"\\","2203":"n","2204":"\\","2205":"r","2206":"\\","2207":"n","2208":"<","2209":"s","2210":"c","2211":"r","2212":"i","2213":"p","2214":"t","2215":" ","2216":"l","2217":"a","2218":"n","2219":"g","2220":"=","2221":"\\","2222":"\"","2223":"t","2224":"s","2225":"\\","2226":"\"","2227":">","2228":"\\","2229":"r","2230":"\\","2231":"n","2232":"i","2233":"m","2234":"p","2235":"o","2236":"r","2237":"t","2238":" ","2239":"{","2240":" ","2241":"d","2242":"e","2243":"f","2244":"i","2245":"n","2246":"e","2247":"C","2248":"o","2249":"m","2250":"p","2251":"o","2252":"n","2253":"e","2254":"n","2255":"t","2256":" ","2257":"}","2258":" ","2259":"f","2260":"r","2261":"o","2262":"m","2263":" ","2264":"'","2265":"v","2266":"u","2267":"e","2268":"'","2269":"\\","2270":"r","2271":"\\","2272":"n","2273":"i","2274":"m","2275":"p","2276":"o","2277":"r","2278":"t","2279":" ","2280":"{","2281":" ","2282":"m","2283":"a","2284":"p","2285":"S","2286":"t","2287":"a","2288":"t","2289":"e","2290":",","2291":" ","2292":"m","2293":"a","2294":"p","2295":"M","2296":"u","2297":"t","2298":"a","2299":"t","2300":"i","2301":"o","2302":"n","2303":"s","2304":" ","2305":"}","2306":" ","2307":"f","2308":"r","2309":"o","2310":"m","2311":" ","2312":"'","2313":"v","2314":"u","2315":"e","2316":"x","2317":"'","2318":"\\","2319":"r","2320":"\\","2321":"n","2322":"i","2323":"m","2324":"p","2325":"o","2326":"r","2327":"t","2328":" ","2329":"{","2330":" ","2331":"I","2332":"V","2333":"i","2334":"e","2335":"w","2336":"B","2337":"t","2338":"n","2339":"s","2340":" ","2341":"}","2342":" ","2343":"f","2344":"r","2345":"o","2346":"m","2347":" ","2348":"'","2349":"@","2350":"/","2351":"t","2352":"y","2353":"p","2354":"e","2355":"s","2356":"/","2357":"i","2358":"n","2359":"t","2360":"e","2361":"r","2362":"f","2363":"a","2364":"c","2365":"e","2366":"s","2367":"'","2368":"\\","2369":"r","2370":"\\","2371":"n","2372":"\\","2373":"r","2374":"\\","2375":"n","2376":"e","2377":"x","2378":"p","2379":"o","2380":"r","2381":"t","2382":" ","2383":"d","2384":"e","2385":"f","2386":"a","2387":"u","2388":"l","2389":"t","2390":" ","2391":"d","2392":"e","2393":"f","2394":"i","2395":"n","2396":"e","2397":"C","2398":"o","2399":"m","2400":"p","2401":"o","2402":"n","2403":"e","2404":"n","2405":"t","2406":"(","2407":"{","2408":"\\","2409":"r","2410":"\\","2411":"n","2412":" ","2413":" ","2414":" ","2415":" ","2416":"n","2417":"a","2418":"m","2419":"e","2420":":","2421":" ","2422":"'","2423":"V","2424":"T","2425":"N","2426":"C","2427":"o","2428":"n","2429":"t","2430":"r","2431":"o","2432":"l","2433":"s","2434":"'","2435":",","2436":"\\","2437":"r","2438":"\\","2439":"n","2440":"\\","2441":"r","2442":"\\","2443":"n","2444":" ","2445":" ","2446":" ","2447":" ","2448":"d","2449":"a","2450":"t","2451":"a","2452":"(","2453":")","2454":" ","2455":"{","2456":"\\","2457":"r","2458":"\\","2459":"n","2460":" ","2461":" ","2462":" ","2463":" ","2464":" ","2465":" ","2466":" ","2467":" ","2468":"r","2469":"e","2470":"t","2471":"u","2472":"r","2473":"n","2474":" ","2475":"{","2476":"\\","2477":"r","2478":"\\","2479":"n","2480":" ","2481":" ","2482":" ","2483":" ","2484":" ","2485":" ","2486":" ","2487":" ","2488":" ","2489":" ","2490":" ","2491":" ","2492":"m","2493":"o","2494":"d","2495":"e","2496":"B","2497":"t","2498":"n","2499":"s","2500":":","2501":" ","2502":"[","2503":"\\","2504":"r","2505":"\\","2506":"n","2507":" ","2508":" ","2509":" ","2510":" ","2511":" ","2512":" ","2513":" ","2514":" ","2515":" ","2516":" ","2517":" ","2518":" ","2519":" ","2520":" ","2521":" ","2522":" ","2523":"{","2524":"i","2525":"d","2526":":","2527":" ","2528":"1","2529":",","2530":" ","2531":"m","2532":"o","2533":"d","2534":"e","2535":":","2536":" ","2537":"'","2538":"g","2539":"r","2540":"i","2541":"d","2542":"'","2543":",","2544":" ","2545":"i","2546":"s","2547":"A","2548":"c","2549":"t","2550":"i","2551":"v","2552":"e","2553":":","2554":" ","2555":"t","2556":"r","2557":"u","2558":"e","2559":"}","2560":",","2561":"\\","2562":"r","2563":"\\","2564":"n","2565":" ","2566":" ","2567":" ","2568":" ","2569":" ","2570":" ","2571":" ","2572":" ","2573":" ","2574":" ","2575":" ","2576":" ","2577":" ","2578":" ","2579":" ","2580":" ","2581":"{","2582":"i","2583":"d","2584":":","2585":" ","2586":"2","2587":",","2588":" ","2589":"m","2590":"o","2591":"d","2592":"e","2593":":","2594":" ","2595":"'","2596":"l","2597":"i","2598":"s","2599":"t","2600":"'","2601":",","2602":" ","2603":" ","2604":"i","2605":"s","2606":"A","2607":"c","2608":"t","2609":"i","2610":"v","2611":"e","2612":":","2613":" ","2614":"f","2615":"a","2616":"l","2617":"s","2618":"e","2619":"}","2620":"\\","2621":"r","2622":"\\","2623":"n","2624":" ","2625":" ","2626":" ","2627":" ","2628":" ","2629":" ","2630":" ","2631":" ","2632":" ","2633":" ","2634":" ","2635":" ","2636":"]","2637":" ","2638":"a","2639":"s","2640":" ","2641":"A","2642":"r","2643":"r","2644":"a","2645":"y","2646":"<","2647":"I","2648":"V","2649":"i","2650":"e","2651":"w","2652":"B","2653":"t","2654":"n","2655":"s","2656":">","2657":"\\","2658":"r","2659":"\\","2660":"n","2661":" ","2662":" ","2663":" ","2664":" ","2665":" ","2666":" ","2667":" ","2668":" ","2669":"}","2670":"\\","2671":"r","2672":"\\","2673":"n","2674":" ","2675":" ","2676":" ","2677":" ","2678":"}","2679":",","2680":"\\","2681":"r","2682":"\\","2683":"n","2684":"\\","2685":"r","2686":"\\","2687":"n","2688":" ","2689":" ","2690":" ","2691":" ","2692":"c","2693":"o","2694":"m","2695":"p","2696":"u","2697":"t","2698":"e","2699":"d","2700":":","2701":" ","2702":"{","2703":"\\","2704":"r","2705":"\\","2706":"n","2707":" ","2708":" ","2709":" ","2710":" ","2711":" ","2712":" ","2713":" ","2714":" ","2715":".","2716":".","2717":".","2718":"m","2719":"a","2720":"p","2721":"S","2722":"t","2723":"a","2724":"t","2725":"e","2726":"(","2727":"[","2728":"\\","2729":"r","2730":"\\","2731":"n","2732":" ","2733":" ","2734":" ","2735":" ","2736":" ","2737":" ","2738":" ","2739":" ","2740":" ","2741":" ","2742":" ","2743":" ","2744":"'","2745":"n","2746":"e","2747":"w","2748":"s","2749":"'","2750":"\\","2751":"r","2752":"\\","2753":"n","2754":" ","2755":" ","2756":" ","2757":" ","2758":" ","2759":" ","2760":" ","2761":" ","2762":"]","2763":")","2764":"\\","2765":"r","2766":"\\","2767":"n","2768":" ","2769":" ","2770":" ","2771":" ","2772":"}","2773":",","2774":"\\","2775":"r","2776":"\\","2777":"n","2778":"\\","2779":"r","2780":"\\","2781":"n","2782":" ","2783":" ","2784":" ","2785":" ","2786":"m","2787":"e","2788":"t","2789":"h","2790":"o","2791":"d","2792":"s","2793":":","2794":" ","2795":"{","2796":"\\","2797":"r","2798":"\\","2799":"n","2800":" ","2801":" ","2802":" ","2803":" ","2804":" ","2805":" ","2806":" ","2807":" ","2808":".","2809":".","2810":".","2811":"m","2812":"a","2813":"p","2814":"M","2815":"u","2816":"t","2817":"a","2818":"t","2819":"i","2820":"o","2821":"n","2822":"s","2823":"(","2824":"[","2825":"\\","2826":"r","2827":"\\","2828":"n","2829":" ","2830":" ","2831":" ","2832":" ","2833":" ","2834":" ","2835":" ","2836":" ","2837":" ","2838":" ","2839":" ","2840":" ","2841":"'","2842":"S","2843":"E","2844":"T","2845":"_","2846":"V","2847":"I","2848":"E","2849":"W","2850":"_","2851":"M","2852":"O","2853":"D","2854":"E","2855":"'","2856":"\\","2857":"r","2858":"\\","2859":"n","2860":" ","2861":" ","2862":" ","2863":" ","2864":" ","2865":" ","2866":" ","2867":" ","2868":"]","2869":")","2870":",","2871":"\\","2872":"r","2873":"\\","2874":"n","2875":"\\","2876":"r","2877":"\\","2878":"n","2879":" ","2880":" ","2881":" ","2882":" ","2883":" ","2884":" ","2885":" ","2886":" ","2887":"s","2888":"e","2889":"t","2890":"V","2891":"i","2892":"e","2893":"w","2894":"(","2895":"m","2896":"o","2897":"d","2898":"e","2899":":","2900":" ","2901":"s","2902":"t","2903":"r","2904":"i","2905":"n","2906":"g","2907":")","2908":":","2909":" ","2910":"v","2911":"o","2912":"i","2913":"d","2914":" ","2915":"{","2916":"\\","2917":"r","2918":"\\","2919":"n","2920":" ","2921":" ","2922":" ","2923":" ","2924":" ","2925":" ","2926":" ","2927":" ","2928":" ","2929":" ","2930":" ","2931":" ","2932":"l","2933":"e","2934":"t","2935":" ","2936":"i","2937":"d","2938":"x","2939":" ","2940":"=","2941":" ","2942":"t","2943":"h","2944":"i","2945":"s","2946":".","2947":"m","2948":"o","2949":"d","2950":"e","2951":"B","2952":"t","2953":"n","2954":"s","2955":".","2956":"f","2957":"i","2958":"n","2959":"d","2960":"I","2961":"n","2962":"d","2963":"e","2964":"x","2965":"(","2966":"e","2967":"l","2968":" ","2969":"=","2970":">","2971":" ","2972":"e","2973":"l","2974":".","2975":"m","2976":"o","2977":"d","2978":"e","2979":" ","2980":"=","2981":"=","2982":"=","2983":" ","2984":"m","2985":"o","2986":"d","2987":"e","2988":")","2989":"\\","2990":"r","2991":"\\","2992":"n","2993":"\\","2994":"r","2995":"\\","2996":"n","2997":" ","2998":" ","2999":" ","3000":" ","3001":" ","3002":" ","3003":" ","3004":" ","3005":" ","3006":" ","3007":" ","3008":" ","3009":"t","3010":"h","3011":"i","3012":"s","3013":".","3014":"m","3015":"o","3016":"d","3017":"e","3018":"B","3019":"t","3020":"n","3021":"s","3022":".","3023":"f","3024":"o","3025":"r","3026":"E","3027":"a","3028":"c","3029":"h","3030":"(","3031":"(","3032":"e","3033":"l","3034":")","3035":" ","3036":"=","3037":">","3038":" ","3039":"e","3040":"l","3041":".","3042":"i","3043":"s","3044":"A","3045":"c","3046":"t","3047":"i","3048":"v","3049":"e","3050":" ","3051":"=","3052":" ","3053":"f","3054":"a","3055":"l","3056":"s","3057":"e","3058":")","3059":"\\","3060":"r","3061":"\\","3062":"n","3063":" ","3064":" ","3065":" ","3066":" ","3067":" ","3068":" ","3069":" ","3070":" ","3071":" ","3072":" ","3073":" ","3074":" ","3075":"t","3076":"h","3077":"i","3078":"s","3079":".","3080":"m","3081":"o","3082":"d","3083":"e","3084":"B","3085":"t","3086":"n","3087":"s","3088":"[","3089":"i","3090":"d","3091":"x","3092":"]","3093":".","3094":"i","3095":"s","3096":"A","3097":"c","3098":"t","3099":"i","3100":"v","3101":"e","3102":" ","3103":"=","3104":" ","3105":"t","3106":"r","3107":"u","3108":"e","3109":"\\","3110":"r","3111":"\\","3112":"n","3113":"\\","3114":"r","3115":"\\","3116":"n","3117":" ","3118":" ","3119":" ","3120":" ","3121":" ","3122":" ","3123":" ","3124":" ","3125":" ","3126":" ","3127":" ","3128":" ","3129":"l","3130":"o","3131":"c","3132":"a","3133":"l","3134":"S","3135":"t","3136":"o","3137":"r","3138":"a","3139":"g","3140":"e","3141":".","3142":"s","3143":"e","3144":"t","3145":"I","3146":"t","3147":"e","3148":"m","3149":"(","3150":"'","3151":"V","3152":"T","3153":"N","3154":"V","3155":"i","3156":"e","3157":"w","3158":"M","3159":"o","3160":"d","3161":"e","3162":"'","3163":",","3164":" ","3165":"m","3166":"o","3167":"d","3168":"e","3169":")","3170":"\\","3171":"r","3172":"\\","3173":"n","3174":"\\","3175":"r","3176":"\\","3177":"n","3178":" ","3179":" ","3180":" ","3181":" ","3182":" ","3183":" ","3184":" ","3185":" ","3186":" ","3187":" ","3188":" ","3189":" ","3190":"t","3191":"h","3192":"i","3193":"s","3194":".","3195":"S","3196":"E","3197":"T","3198":"_","3199":"V","3200":"I","3201":"E","3202":"W","3203":"_","3204":"M","3205":"O","3206":"D","3207":"E","3208":"(","3209":"m","3210":"o","3211":"d","3212":"e","3213":")","3214":"\\","3215":"r","3216":"\\","3217":"n","3218":" ","3219":" ","3220":" ","3221":" ","3222":" ","3223":" ","3224":" ","3225":" ","3226":"}","3227":",","3228":"\\","3229":"r","3230":"\\","3231":"n","3232":"\\","3233":"r","3234":"\\","3235":"n","3236":" ","3237":" ","3238":" ","3239":" ","3240":" ","3241":" ","3242":" ","3243":" ","3244":"a","3245":"c","3246":"t","3247":"i","3248":"v","3249":"e","3250":"L","3251":"i","3252":"n","3253":"k","3254":"(","3255":"p","3256":"a","3257":"t","3258":"h","3259":":","3260":" ","3261":"s","3262":"t","3263":"r","3264":"i","3265":"n","3266":"g","3267":")","3268":":","3269":" ","3270":"b","3271":"o","3272":"o","3273":"l","3274":"e","3275":"a","3276":"n","3277":" ","3278":"{","3279":"\\","3280":"r","3281":"\\","3282":"n","3283":" ","3284":" ","3285":" ","3286":" ","3287":" ","3288":" ","3289":" ","3290":" ","3291":" ","3292":" ","3293":" ","3294":" ","3295":"r","3296":"e","3297":"t","3298":"u","3299":"r","3300":"n","3301":" ","3302":"p","3303":"a","3304":"t","3305":"h","3306":" ","3307":"=","3308":"=","3309":"=","3310":" ","3311":"t","3312":"h","3313":"i","3314":"s","3315":".","3316":"n","3317":"e","3318":"w","3319":"s","3320":".","3321":"a","3322":"c","3323":"t","3324":"i","3325":"v","3326":"e","3327":"C","3328":"h","3329":"a","3330":"n","3331":"n","3332":"e","3333":"l","3334":" ","3335":"\\","3336":"r","3337":"\\","3338":"n","3339":" ","3340":" ","3341":" ","3342":" ","3343":" ","3344":" ","3345":" ","3346":" ","3347":"}","3348":"\\","3349":"r","3350":"\\","3351":"n","3352":" ","3353":" ","3354":" ","3355":" ","3356":"}","3357":",","3358":"\\","3359":"r","3360":"\\","3361":"n","3362":"\\","3363":"r","3364":"\\","3365":"n","3366":" ","3367":" ","3368":" ","3369":" ","3370":"c","3371":"r","3372":"e","3373":"a","3374":"t","3375":"e","3376":"d","3377":"(","3378":")","3379":" ","3380":"{","3381":"\\","3382":"r","3383":"\\","3384":"n","3385":" ","3386":" ","3387":" ","3388":" ","3389":" ","3390":" ","3391":" ","3392":" ","3393":"l","3394":"e","3395":"t","3396":" ","3397":"v","3398":"i","3399":"e","3400":"w","3401":"M","3402":"o","3403":"d","3404":"e","3405":" ","3406":"=","3407":" ","3408":"l","3409":"o","3410":"c","3411":"a","3412":"l","3413":"S","3414":"t","3415":"o","3416":"r","3417":"a","3418":"g","3419":"e","3420":".","3421":"g","3422":"e","3423":"t","3424":"I","3425":"t","3426":"e","3427":"m","3428":"(","3429":"'","3430":"V","3431":"T","3432":"N","3433":"V","3434":"i","3435":"e","3436":"w","3437":"M","3438":"o","3439":"d","3440":"e","3441":"'","3442":")","3443":" ","3444":"|","3445":"|","3446":" ","3447":"'","3448":"g","3449":"r","3450":"i","3451":"d","3452":"'","3453":"\\","3454":"r","3455":"\\","3456":"n","3457":"\\","3458":"r","3459":"\\","3460":"n","3461":" ","3462":" ","3463":" ","3464":" ","3465":" ","3466":" ","3467":" ","3468":" ","3469":"t","3470":"h","3471":"i","3472":"s","3473":".","3474":"s","3475":"e","3476":"t","3477":"V","3478":"i","3479":"e","3480":"w","3481":"(","3482":"v","3483":"i","3484":"e","3485":"w","3486":"M","3487":"o","3488":"d","3489":"e","3490":")","3491":"\\","3492":"r","3493":"\\","3494":"n","3495":" ","3496":" ","3497":" ","3498":" ","3499":"}","3500":"\\","3501":"r","3502":"\\","3503":"n","3504":"}","3505":")","3506":"\\","3507":"r","3508":"\\","3509":"n","3510":"<","3511":"/","3512":"s","3513":"c","3514":"r","3515":"i","3516":"p","3517":"t","3518":">","3519":"\\","3520":"r","3521":"\\","3522":"n","3523":"\"","3524":"]","3525":"}"},"_coverageSchema":"1a1c01bbd47fc00a2c39e90264f33305004495a9","hash":"e9124ffef42037f0d7b3af75a8db91708db2ebd5"}
[...]
,"1683":"о","1684":"в","1685":"о","1686":"с","1687":"т","1688":"е","1689":"й","1690":" ","1691":"н","1692":"е","1693":"т","1694":"\\","1695":"r","1696":"\\","1697":"n","1698":" ","1699":" ","1700":" ","1701":" ","1702":" ","1703":" ","1704":" ","1705":" ","1706":"<","1707":"/","1708":"d","1709":"i","1710":"v","1711":">","1712":"\\","1713":"r","1714":"\\","1715":"n","1716":"\\","1717":"r","1718":"\\","1719":"n","1720":" ","1721":" ","1722":" ","1723":" ","1724":"<","1725":"/","1726":"d","1727":"i","1728":"v","1729":">","1730":"\\","1731":"r","1732":"\\","1733":"n","1734":"<","1735":"/","1736":"t","1737":"e","1738":"m","1739":"p","1740":"l","1741":"a","1742":"t","1743":"e","1744":">","1745":"\\","1746":"r","1747":"\\","1748":"n","1749":"\\","1750":"r","1751":"\\","1752":"n","1753":"<","1754":"s","1755":"c","1756":"r","1757":"i","1758":"p","1759":"t","1760":" ","1761":"l","1762":"a","1763":"n","1764":"g","1765":"=","1766":"\\","1767":"\"","1768":"t","1769":"s","1770":"\\","1771":"\"","1772":">","1773":"\\","1774":"r","1775":"\\","1776":"n","1777":"i","1778":"m","1779":"p","1780":"o","1781":"r","1782":"t","1783":" ","1784":"{","1785":" ","1786":"d","1787":"e","1788":"f","1789":"i","1790":"n","1791":"e","1792":"C","1793":"o","1794":"m","1795":"p","1796":"o","1797":"n","1798":"e","1799":"n","1800":"t","1801":" ","1802":"}","1803":" ","1804":"f","1805":"r","1806":"o","1807":"m","1808":" ","1809":"'","1810":"v","1811":"u","1812":"e","1813":"'","1814":"\\","1815":"r","1816":"\\","1817":"n","1818":"i","1819":"m","1820":"p","1821":"o","1822":"r","1823":"t","1824":" ","1825":"{","1826":" ","1827":"m","1828":"a","1829":"p","1830":"S","1831":"t","1832":"a","1833":"t","1834":"e","1835":",","1836":" ","1837":"m","1838":"a","1839":"p","1840":"M","1841":"u","1842":"t","1843":"a","1844":"t","1845":"i","1846":"o","1847":"n","1848":"s","1849":",","1850":" ","1851":"m","1852":"a","1853":"p","1854":"A","1855":"c","1856":"t","1857":"i","1858":"o","1859":"n","1860":"s","1861":" ","1862":"}","1863":" ","1864":"f","1865":"r","1866":"o","1867":"m","1868":" ","1869":"'","1870":"v","1871":"u","1872":"e","1873":"x","1874":"'","1875":"\\","1876":"r","1877":"\\","1878":"n","1879":"i","1880":"m","1881":"p","1882":"o","1883":"r","1884":"t","1885":" ","1886":"V","1887":"T","1888":"N","1889":"P","1890":"r","1891":"e","1892":"l","1893":"o","1894":"a","1895":"d","1896":"e","1897":"r","1898":" ","1899":"f","1900":"r","1901":"o","1902":"m","1903":" ","1904":"'","1905":"@","1906":"/","1907":"c","1908":"o","1909":"m","1910":"p","1911":"o","1912":"n","1913":"e","1914":"n","1915":"t","1916":"s","1917":"/","1918":"V","1919":"T","1920":"N","1921":"P","1922":"r","1923":"e","1924":"l","1925":"o","1926":"a","1927":"d","1928":"e","1929":"r","1930":".","1931":"v","1932":"u","1933":"e","1934":"'","1935":"\\","1936":"r","1937":"\\","1938":"n","1939":"i","1940":"m","1941":"p","1942":"o","1943":"r","1944":"t","1945":" ","1946":"V","1947":"T","1948":"N","1949":"N","1950":"e","1951":"w","1952":"s","1953":"I","1954":"t","1955":"e","1956":"m","1957":" ","1958":"f","1959":"r","1960":"o","1961":"m","1962":" ","1963":"'","1964":"@","1965":"/","1966":"c","1967":"o","1968":"m","1969":"p","1970":"o","1971":"n","1972":"e","1973":"n","1974":"t","1975":"s","1976":"/","1977":"V","1978":"T","1979":"N","1980":"N","1981":"e","1982":"w","1983":"s","1984":"I","1985":"t","1986":"e","1987":"m","1988":".","1989":"v","1990":"u","1991":"e","1992":"'","1993":"\\","1994":"r","1995":"\\","1996":"n","1997":"i","1998":"m","1999":"p","2000":"o","2001":"r","2002":"t","2003":" ","2004":"V","2005":"T","2006":"N","2007":"P","2008":"a","2009":"g","2010":"i","2011":"n","2012":"a","2013":"t","2014":"i","2015":"o","2016":"n","2017":" ","2018":"f","2019":"r","2020":"o","2021":"m","2022":" ","2023":"'","2024":"@","2025":"/","2026":"c","2027":"o","2028":"m","2029":"p","2030":"o","2031":"n","2032":"e","2033":"n","2034":"t","2035":"s","2036":"/","2037":"u","2038":"i","2039":"/","2040":"V","2041":"T","2042":"N","2043":"P","2044":"a","2045":"g","2046":"i","2047":"n","2048":"a","2049":"t","2050":"i","2051":"o","2052":"n","2053":".","2054":"v","2055":"u","2056":"e","2057":"'","2058":"\\","2059":"r","2060":"\\","2061":"n","2062":"\\","2063":"r","2064":"\\","2065":"n","2066":"e","2067":"x","2068":"p","2069":"o","2070":"r","2071":"t","2072":" ","2073":"d","2074":"e","2075":"f","2076":"a","2077":"u","2078":"l","2079":"t","2080":" ","2081":"d","2082":"e","2083":"f","2084":"i","2085":"n","2086":"e","2087":"C","2088":"o","2089":"m","2090":"p","2091":"o","2092":"n","2093":"e","2094":"n","2095":"t","2096":"(","2097":"{","2098":"\\","2099":"r","2100":"\\","2101":"n","2102":" ","2103":" ","2104":" ","2105":" ","2106":"n","2107":"a","2108":"m","2109":"e","2110":":","2111":" ","2112":"'","2113":"V","2114":"T","2115":"N","2116":"N","2117":"e","2118":"w","2119":"s","2120":"'","2121":",","2122":"\\","2123":"r","2124":"\\","2125":"n","2126":"\\","2127":"r","2128":"\\","2129":"n","2130":" ","2131":" ","2132":" ","2133":" ","2134":"p","2135":"r","2136":"o","2137":"p","2138":"s","2139":":","2140":" ","2141":"{","2142":"\\","2143":"r","2144":"\\","2145":"n","2146":" ","2147":" ","2148":" ","2149":" ","2150":" ","2151":" ","2152":" ","2153":" ","2154":"c","2155":"h","2156":"a","2157":"n","2158":"n","2159":"e","2160":"l","2161":":","2162":" ","2163":"{","2164":"\\","2165":"r","2166":"\\","2167":"n","2168":" ","2169":" ","2170":" ","2171":" ","2172":" ","2173":" ","2174":" ","2175":" ","2176":" ","2177":" ","2178":" ","2179":" ","2180":"t","2181":"y","2182":"p","2183":"e","2184":":","2185":" ","2186":"S","2187":"t","2188":"r","2189":"i","2190":"n","2191":"g","2192":",","2193":"\\","2194":"r","2195":"\\","2196":"n","2197":" ","2198":" ","2199":" ","2200":" ","2201":" ","2202":" ","2203":" ","2204":" ","2205":" ","2206":" ","2207":" ","2208":" ","2209":"r","2210":"e","2211":"q","2212":"u","2213":"i","2214":"r","2215":"e","2216":"d","2217":":","2218":" ","2219":"t","2220":"r","2221":"u","2222":"e","2223":"\\","2224":"r","2225":"\\","2226":"n","2227":" ","2228":" ","2229":" ","2230":" ","2231":" ","2232":" ","2233":" ","2234":" ","2235":"}","2236":",","2237":"\\","2238":"r","2239":"\\","2240":"n","2241":" ","2242":" ","2243":" ","2244":" ","2245":" ","2246":" ","2247":" ","2248":" ","2249":"p","2250":"a","2251":"g","2252":"e","2253":":","2254":" ","2255":"{","2256":"\\","2257":"r","2258":"\\","2259":"n","2260":" ","2261":" ","2262":" ","2263":" ","2264":" ","2265":" ","2266":" ","2267":" ","2268":" ","2269":" ","2270":" ","2271":" ","2272":"t","2273":"y","2274":"p","2275":"e","2276":":","2277":" ","2278":"S","2279":"t","2280":"r","2281":"i","2282":"n","2283":"g","2284":",","2285":"\\","2286":"r","2287":"\\","2288":"n","2289":" ","2290":" ","2291":" ","2292":" ","2293":" ","2294":" ","2295":" ","2296":" ","2297":" ","2298":" ","2299":" ","2300":" ","2301":"r","2302":"e","2303":"q","2304":"u","2305":"i","2306":"r","2307":"e","2308":"d","2309":":","2310":" ","2311":"t","2312":"r","2313":"u","2314":"e","2315":"\\","2316":"r","2317":"\\","2318":"n","2319":" ","2320":" ","2321":" ","2322":" ","2323":" ","2324":" ","2325":" ","2326":" ","2327":"}","2328":",","2329":"\\","2330":"r","2331":"\\","2332":"n","2333":" ","2334":" ","2335":" ","2336":" ","2337":"}","2338":",","2339":"\\","2340":"r","2341":"\\","2342":"n","2343":"\\","2344":"r","2345":"\\","2346":"n","2347":" ","2348":" ","2349":" ","2350":" ","2351":"c","2352":"o","2353":"m","2354":"p","2355":"o","2356":"n","2357":"e","2358":"n","2359":"t","2360":"s","2361":":","2362":" ","2363":"{","2364":"\\","2365":"r","2366":"\\","2367":"n","2368":" ","2369":" ","2370":" ","2371":" ","2372":" ","2373":" ","2374":" ","2375":" ","2376":"V","2377":"T","2378":"N","2379":"P","2380":"r","2381":"e","2382":"l","2383":"o","2384":"a","2385":"d","2386":"e","2387":"r","2388":",","2389":"\\","2390":"r","2391":"\\","2392":"n","2393":" ","2394":" ","2395":" ","2396":" ","2397":" ","2398":" ","2399":" ","2400":" ","2401":"V","2402":"T","2403":"N","2404":"N","2405":"e","2406":"w","2407":"s","2408":"I","2409":"t","2410":"e","2411":"m","2412":",","2413":"\\","2414":"r","2415":"\\","2416":"n","2417":" ","2418":" ","2419":" ","2420":" ","2421":" ","2422":" ","2423":" ","2424":" ","2425":"V","2426":"T","2427":"N","2428":"P","2429":"a","2430":"g","2431":"i","2432":"n","2433":"a","2434":"t","2435":"i","2436":"o","2437":"n","2438":"\\","2439":"r","2440":"\\","2441":"n","2442":" ","2443":" ","2444":" ","2445":" ","2446":"}","2447":",","2448":"\\","2449":"r","2450":"\\","2451":"n","2452":"\\","2453":"r","2454":"\\","2455":"n","2456":" ","2457":" ","2458":" ","2459":" ","2460":"c","2461":"o","2462":"m","2463":"p","2464":"u","2465":"t","2466":"e","2467":"d","2468":":","2469":" ","2470":"{","2471":"\\","2472":"r","2473":"\\","2474":"n","2475":" ","2476":" ","2477":" ","2478":" ","2479":" ","2480":" ","2481":" ","2482":" ","2483":".","2484":".","2485":".","2486":"m","2487":"a","2488":"p","2489":"S","2490":"t","2491":"a","2492":"t","2493":"e","2494":"(","2495":"[","2496":"\\","2497":"r","2498":"\\","2499":"n","2500":" ","2501":" ","2502":" ","2503":" ","2504":" ","2505":" ","2506":" ","2507":" ","2508":" ","2509":" ","2510":" ","2511":" ","2512":"'","2513":"n","2514":"e","2515":"w","2516":"s","2517":"'","2518":"\\","2519":"r","2520":"\\","2521":"n","2522":" ","2523":" ","2524":" ","2525":" ","2526":" ","2527":" ","2528":" ","2529":" ","2530":"]","2531":")","2532":",","2533":"\\","2534":"r","2535":"\\","2536":"n","2537":"\\","2538":"r","2539":"\\","2540":"n","2541":" ","2542":" ","2543":" ","2544":" ","2545":" ","2546":" ","2547":" ","2548":" ","2549":"t","2550":"o","2551":"t","2552":"a","2553":"l","2554":"N","2555":"e","2556":"w","2557":"s","2558":"P","2559":"a","2560":"g","2561":"e","2562":"s","2563":"(","2564":")","2565":" ","2566":"{","2567":"\\","2568":"r","2569":"\\","2570":"n","2571":" ","2572":" ","2573":" ","2574":" ","2575":" ","2576":" ","2577":" ","2578":" ","2579":" ","2580":" ","2581":" ","2582":" ","2583":"r","2584":"e","2585":"t","2586":"u","2587":"r","2588":"n","2589":" ","2590":"M","2591":"a","2592":"t","2593":"h","2594":".","2595":"c","2596":"e","2597":"i","2598":"l","2599":"(","2600":"t","2601":"h","2602":"i","2603":"s","2604":".","2605":"n","2606":"e","2607":"w","2608":"s","2609":".","2610":"t","2611":"o","2612":"t","2613":"a","2614":"l","2615":"R","2616":"e","2617":"s","2618":"u","2619":"l","2620":"t","2621":"s","2622":" ","2623":"/","2624":" ","2625":"t","2626":"h","2627":"i","2628":"s","2629":".","2630":"n","2631":"e","2632":"w","2633":"s","2634":".","2635":"n","2636":"e","2637":"w","2638":"s","2639":"P","2640":"e","2641":"r","2642":"P","2643":"a","2644":"g","2645":"e","2646":")","2647":"\\","2648":"r","2649":"\\","2650":"n","2651":" ","2652":" ","2653":" ","2654":" ","2655":" ","2656":" ","2657":" ","2658":" ","2659":"}","2660":",","2661":"\\","2662":"r","2663":"\\","2664":"n","2665":"\\","2666":"r","2667":"\\","2668":"n","2669":" ","2670":" ","2671":" ","2672":" ","2673":" ","2674":" ","2675":" ","2676":" ","2677":"p","2678":"a","2679":"g","2680":"e","2681":"R","2682":"o","2683":"u","2684":"t","2685":"e","2686":"(","2687":")","2688":" ","2689":"{","2690":"\\","2691":"r","2692":"\\","2693":"n","2694":" ","2695":" ","2696":" ","2697":" ","2698":" ","2699":" ","2700":" ","2701":" ","2702":" ","2703":" ","2704":" ","2705":" ","2706":"r","2707":"e","2708":"t","2709":"u","2710":"r","2711":"n","2712":" ","2713":"{","2714":"\\","2715":"r","2716":"\\","2717":"n","2718":" ","2719":" ","2720":" ","2721":" ","2722":" ","2723":" ","2724":" ","2725":" ","2726":" ","2727":" ","2728":" ","2729":" ","2730":" ","2731":" ","2732":" ","2733":" ","2734":"c","2735":"h","2736":"a","2737":"n","2738":"n","2739":"e","2740":"l","2741":":","2742":" ","2743":"t","2744":"h","2745":"i","2746":"s","2747":".","2748":"c","2749":"h","2750":"a","2751":"n","2752":"n","2753":"e","2754":"l","2755":",","2756":"\\","2757":"r","2758":"\\","2759":"n","2760":" ","2761":" ","2762":" ","2763":" ","2764":" ","2765":" ","2766":" ","2767":" ","2768":" ","2769":" ","2770":" ","2771":" ","2772":" ","2773":" ","2774":" ","2775":" ","2776":"p","2777":"a","2778":"g","2779":"e","2780":":","2781":" ","2782":"t","2783":"h","2784":"i","2785":"s","2786":".","2787":"p","2788":"a","2789":"g","2790":"e","2791":"\\","2792":"r","2793":"\\","2794":"n","2795":" ","2796":" ","2797":" ","2798":" ","2799":" ","2800":" ","2801":" ","2802":" ","2803":" ","2804":" ","2805":" ","2806":" ","2807":"}","2808":"\\","2809":"r","2810":"\\","2811":"n","2812":" ","2813":" ","2814":" ","2815":" ","2816":" ","2817":" ","2818":" ","2819":" ","2820":"}","2821":"\\","2822":"r","2823":"\\","2824":"n","2825":" ","2826":" ","2827":" ","2828":" ","2829":"}","2830":",","2831":"\\","2832":"r","2833":"\\","2834":"n","2835":"\\","2836":"r","2837":"\\","2838":"n","2839":" ","2840":" ","2841":" ","2842":" ","2843":"m","2844":"e","2845":"t","2846":"h","2847":"o","2848":"d","2849":"s","2850":":","2851":" ","2852":"{","2853":"\\","2854":"r","2855":"\\","2856":"n","2857":" ","2858":" ","2859":" ","2860":" ","2861":" ","2862":" ","2863":" ","2864":" ","2865":".","2866":".","2867":".","2868":"m","2869":"a","2870":"p","2871":"M","2872":"u","2873":"t","2874":"a","2875":"t","2876":"i","2877":"o","2878":"n","2879":"s","2880":"(","2881":"[","2882":"\\","2883":"r","2884":"\\","2885":"n","2886":" ","2887":" ","2888":" ","2889":" ","2890":" ","2891":" ","2892":" ","2893":" ","2894":" ","2895":" ","2896":" ","2897":" ","2898":"'","2899":"S","2900":"E","2901":"T","2902":"_","2903":"A","2904":"C","2905":"T","2906":"I","2907":"V","2908":"E","2909":"_","2910":"C","2911":"H","2912":"A","2913":"N","2914":"N","2915":"E","2916":"L","2917":"'","2918":",","2919":"\\","2920":"r","2921":"\\","2922":"n","2923":" ","2924":" ","2925":" ","2926":" ","2927":" ","2928":" ","2929":" ","2930":" ","2931":" ","2932":" ","2933":" ","2934":" ","2935":"'","2936":"S","2937":"E","2938":"T","2939":"_","2940":"C","2941":"U","2942":"R","2943":"R","2944":"E","2945":"N","2946":"T","2947":"_","2948":"P","2949":"A","2950":"G","2951":"E","2952":"'","2953":"\\","2954":"r","2955":"\\","2956":"n","2957":" ","2958":" ","2959":" ","2960":" ","2961":" ","2962":" ","2963":" ","2964":" ","2965":"]","2966":")","2967":",","2968":"\\","2969":"r","2970":"\\","2971":"n","2972":"\\","2973":"r","2974":"\\","2975":"n","2976":" ","2977":" ","2978":" ","2979":" ","2980":" ","2981":" ","2982":" ","2983":" ","2984":".","2985":".","2986":".","2987":"m","2988":"a","2989":"p","2990":"A","2991":"c","2992":"t","2993":"i","2994":"o","2995":"n","2996":"s","2997":"(","2998":"[","2999":"\\","3000":"r","3001":"\\","3002":"n","3003":" ","3004":" ","3005":" ","3006":" ","3007":" ","3008":" ","3009":" ","3010":" ","3011":" ","3012":" ","3013":" ","3014":" ","3015":"'","3016":"f","3017":"e","3018":"t","3019":"c","3020":"h","3021":"N","3022":"e","3023":"w","3024":"s","3025":"'","3026":"\\","3027":"r","3028":"\\","3029":"n","3030":" ","3031":" ","3032":" ","3033":" ","3034":" ","3035":" ","3036":" ","3037":" ","3038":"]","3039":")","3040":"\\","3041":"r","3042":"\\","3043":"n","3044":" ","3045":" ","3046":" ","3047":" ","3048":"}","3049":",","3050":"\\","3051":"r","3052":"\\","3053":"n","3054":"\\","3055":"r","3056":"\\","3057":"n","3058":" ","3059":" ","3060":" ","3061":" ","3062":"m","3063":"o","3064":"u","3065":"n","3066":"t","3067":"e","3068":"d","3069":"(","3070":")","3071":" ","3072":"{","3073":"\\","3074":"r","3075":"\\","3076":"n","3077":" ","3078":" ","3079":" ","3080":" ","3081":" ","3082":" ","3083":" ","3084":" ","3085":"t","3086":"h","3087":"i","3088":"s","3089":".","3090":"S","3091":"E","3092":"T","3093":"_","3094":"A","3095":"C","3096":"T","3097":"I","3098":"V","3099":"E","3100":"_","3101":"C","3102":"H","3103":"A","3104":"N","3105":"N","3106":"E","3107":"L","3108":"(","3109":"t","3110":"h","3111":"i","3112":"s","3113":".","3114":"c","3115":"h","3116":"a","3117":"n","3118":"n","3119":"e","3120":"l","3121":")","3122":"\\","3123":"r","3124":"\\","3125":"n","3126":" ","3127":" ","3128":" ","3129":" ","3130":" ","3131":" ","3132":" ","3133":" ","3134":"t","3135":"h","3136":"i","3137":"s","3138":".","3139":"f","3140":"e","3141":"t","3142":"c","3143":"h","3144":"N","3145":"e","3146":"w","3147":"s","3148":"(","3149":")","3150":"\\","3151":"r","3152":"\\","3153":"n","3154":" ","3155":" ","3156":" ","3157":" ","3158":"}","3159":",","3160":"\\","3161":"r","3162":"\\","3163":"n","3164":"\\","3165":"r","3166":"\\","3167":"n","3168":" ","3169":" ","3170":" ","3171":" ","3172":"w","3173":"a","3174":"t","3175":"c","3176":"h","3177":":","3178":" ","3179":"{","3180":"\\","3181":"r","3182":"\\","3183":"n","3184":" ","3185":" ","3186":" ","3187":" ","3188":" ","3189":" ","3190":" ","3191":" ","3192":"p","3193":"a","3194":"g","3195":"e","3196":"R","3197":"o","3198":"u","3199":"t","3200":"e","3201":":","3202":" ","3203":"{","3204":"\\","3205":"r","3206":"\\","3207":"n","3208":" ","3209":" ","3210":" ","3211":" ","3212":" ","3213":" ","3214":" ","3215":" ","3216":" ","3217":" ","3218":" ","3219":" ","3220":"h","3221":"a","3222":"n","3223":"d","3224":"l","3225":"e","3226":"r","3227":"(","3228":"{","3229":" ","3230":"c","3231":"h","3232":"a","3233":"n","3234":"n","3235":"e","3236":"l","3237":",","3238":" ","3239":"p","3240":"a","3241":"g","3242":"e","3243":" ","3244":"}","3245":")","3246":" ","3247":"{","3248":"\\","3249":"r","3250":"\\","3251":"n","3252":" ","3253":" ","3254":" ","3255":" ","3256":" ","3257":" ","3258":" ","3259":" ","3260":" ","3261":" ","3262":" ","3263":" ","3264":" ","3265":" ","3266":" ","3267":" ","3268":"t","3269":"h","3270":"i","3271":"s","3272":".","3273":"S","3274":"E","3275":"T","3276":"_","3277":"A","3278":"C","3279":"T","3280":"I","3281":"V","3282":"E","3283":"_","3284":"C","3285":"H","3286":"A","3287":"N","3288":"N","3289":"E","3290":"L","3291":"(","3292":"c","3293":"h","3294":"a","3295":"n","3296":"n","3297":"e","3298":"l","3299":")","3300":"\\","3301":"r","3302":"\\","3303":"n","3304":" ","3305":" ","3306":" ","3307":" ","3308":" ","3309":" ","3310":" ","3311":" ","3312":" ","3313":" ","3314":" ","3315":" ","3316":" ","3317":" ","3318":" ","3319":" ","3320":"t","3321":"h","3322":"i","3323":"s","3324":".","3325":"S","3326":"E","3327":"T","3328":"_","3329":"C","3330":"U","3331":"R","3332":"R","3333":"E","3334":"N","3335":"T","3336":"_","3337":"P","3338":"A","3339":"G","3340":"E","3341":"(","3342":"+","3343":"p","3344":"a","3345":"g","3346":"e","3347":")","3348":"\\","3349":"r","3350":"\\","3351":"n","3352":" ","3353":" ","3354":" ","3355":" ","3356":" ","3357":" ","3358":" ","3359":" ","3360":" ","3361":" ","3362":" ","3363":" ","3364":" ","3365":" ","3366":" ","3367":" ","3368":"t","3369":"h","3370":"i","3371":"s","3372":".","3373":"f","3374":"e","3375":"t","3376":"c","3377":"h","3378":"N","3379":"e","3380":"w","3381":"s","3382":"(","3383":")","3384":"\\","3385":"r","3386":"\\","3387":"n","3388":" ","3389":" ","3390":" ","3391":" ","3392":" ","3393":" ","3394":" ","3395":" ","3396":" ","3397":" ","3398":" ","3399":" ","3400":"}","3401":",","3402":"\\","3403":"r","3404":"\\","3405":"n","3406":" ","3407":" ","3408":" ","3409":" ","3410":" ","3411":" ","3412":" ","3413":" ","3414":" ","3415":" ","3416":" ","3417":" ","3418":"d","3419":"e","3420":"e","3421":"p","3422":":","3423":" ","3424":"t","3425":"r","3426":"u","3427":"e","3428":"\\","3429":"r","3430":"\\","3431":"n","3432":" ","3433":" ","3434":" ","3435":" ","3436":" ","3437":" ","3438":" ","3439":" ","3440":"}","3441":"\\","3442":"r","3443":"\\","3444":"n","3445":" ","3446":" ","3447":" ","3448":" ","3449":"}","3450":"\\","3451":"r","3452":"\\","3453":"n","3454":"}","3455":")","3456":"\\","3457":"r","3458":"\\","3459":"n","3460":"<","3461":"/","3462":"s","3463":"c","3464":"r","3465":"i","3466":"p","3467":"t","3468":">","3469":"\\","3470":"r","3471":"\\","3472":"n","3473":"\"","3474":"]","3475":"}"},"_coverageSchema":"1a1c01bbd47fc00a2c39e90264f33305004495a9","hash":"1f51b41c10f7e324bc2bc0e8d426cc28d437c5fe"}
}
