TN:
SF:src\App.vue
FN:3,(anonymous_0)
FN:4,(anonymous_1)
FN:13,(anonymous_2)
FN:37,(anonymous_3)
FN:43,(anonymous_4)
FN:50,(anonymous_5)
FN:65,render
FNF:7
FNH:6
FNDA:2,(anonymous_0)
FNDA:0,(anonymous_1)
FNDA:4,(anonymous_2)
FNDA:9,(anonymous_3)
FNDA:1,(anonymous_4)
FNDA:1,(anonymous_5)
FNDA:7,render
DA:3,1
DA:4,2
DA:5,0
DA:6,0
DA:7,0
DA:9,0
DA:11,2
DA:13,1
DA:14,4
DA:18,1
DA:21,1
DA:22,1
DA:23,1
DA:24,1
DA:25,1
DA:26,1
DA:27,1
DA:28,1
DA:38,9
DA:44,1
DA:45,1
DA:46,1
DA:50,1
DA:51,1
DA:57,1
DA:58,1
DA:59,1
DA:60,1
DA:61,1
DA:62,1
DA:63,1
DA:64,1
DA:66,7
DA:67,7
DA:68,7
DA:69,7
DA:70,7
DA:71,7
DA:85,1
DA:86,1
LF:40
LH:36
BRDA:3,0,0,1
BRDA:3,0,1,1
BRDA:3,0,2,1
BRDA:4,1,0,2
BRDA:4,1,1,0
BRDA:7,2,0,0
BRDA:7,2,1,0
BRDA:13,3,0,1
BRDA:13,3,1,1
BRDA:13,3,2,1
BRDA:14,4,0,4
BRDA:14,4,1,0
BRDA:14,5,0,4
BRDA:14,5,1,4
BRDA:45,6,0,1
BRDA:45,6,1,0
BRF:16
BRH:11
end_of_record
TN:
SF:src\main.ts
FNF:0
FNH:0
DA:1,0
DA:2,0
DA:3,0
DA:4,0
DA:6,0
LF:5
LH:0
BRF:0
BRH:0
end_of_record
TN:
SF:src\components\VTNControls.vue
FN:3,(anonymous_0)
FN:4,(anonymous_1)
FN:20,(anonymous_2)
FN:35,(anonymous_3)
FN:36,(anonymous_4)
FN:39,(anonymous_5)
FN:46,(anonymous_6)
FN:50,(anonymous_7)
FN:65,render
FN:69,(anonymous_9)
FN:75,(anonymous_10)
FN:83,(anonymous_11)
FN:86,(anonymous_12)
FNF:13
FNH:11
FNDA:2,(anonymous_0)
FNDA:0,(anonymous_1)
FNDA:7,(anonymous_2)
FNDA:9,(anonymous_3)
FNDA:10,(anonymous_4)
FNDA:18,(anonymous_5)
FNDA:30,(anonymous_6)
FNDA:8,(anonymous_7)
FNDA:9,render
FNDA:27,(anonymous_9)
FNDA:0,(anonymous_10)
FNDA:18,(anonymous_11)
FNDA:1,(anonymous_12)
DA:3,2
DA:4,2
DA:5,0
DA:6,0
DA:7,0
DA:9,0
DA:11,2
DA:13,2
DA:16,2
DA:17,2
DA:18,2
DA:21,7
DA:36,9
DA:37,10
DA:39,9
DA:40,18
DA:42,9
DA:43,9
DA:44,9
DA:47,30
DA:51,8
DA:52,8
DA:55,2
DA:56,2
DA:57,2
DA:58,2
DA:59,2
DA:60,2
DA:61,2
DA:62,2
DA:63,2
DA:64,2
DA:66,9
DA:67,9
DA:70,27
DA:75,0
DA:84,18
DA:86,1
DA:99,2
DA:100,2
LF:40
LH:35
BRDA:3,0,0,2
BRDA:3,0,1,2
BRDA:3,0,2,2
BRDA:4,1,0,2
BRDA:4,1,1,0
BRDA:7,2,0,0
BRDA:7,2,1,0
BRDA:51,3,0,8
BRDA:51,3,1,0
BRF:9
BRH:5
end_of_record
TN:
SF:src\components\VTNFooter.vue
FN:19,render
FNF:1
FNH:1
FNDA:1,render
DA:3,2
DA:6,2
DA:7,2
DA:10,2
DA:11,2
DA:12,2
DA:13,2
DA:14,2
DA:15,2
DA:16,2
DA:20,1
DA:22,2
DA:23,2
LF:13
LH:13
BRF:0
BRH:0
end_of_record
TN:
SF:src\components\VTNHeader.vue
FN:3,(anonymous_0)
FN:4,(anonymous_1)
FN:20,(anonymous_2)
FN:27,(anonymous_3)
FN:31,(anonymous_4)
FN:67,render
FN:75,(anonymous_6)
FN:88,(anonymous_7)
FN:91,(anonymous_8)
FN:110,(anonymous_9)
FNF:10
FNH:9
FNDA:2,(anonymous_0)
FNDA:0,(anonymous_1)
FNDA:12,(anonymous_2)
FNDA:2,(anonymous_3)
FNDA:1,(anonymous_4)
FNDA:14,render
FNDA:1,(anonymous_6)
FNDA:1,(anonymous_7)
FNDA:1,(anonymous_8)
FNDA:1,(anonymous_9)
DA:3,2
DA:4,2
DA:5,0
DA:6,0
DA:7,0
DA:9,0
DA:11,2
DA:13,2
DA:16,2
DA:17,2
DA:18,2
DA:21,12
DA:28,2
DA:29,2
DA:32,1
DA:33,1
DA:37,2
DA:38,2
DA:39,2
DA:40,2
DA:41,2
DA:42,2
DA:43,2
DA:44,2
DA:45,2
DA:46,2
DA:47,2
DA:52,2
DA:55,2
DA:56,2
DA:57,2
DA:62,2
DA:68,14
DA:76,1
DA:77,1
DA:78,1
DA:80,1
DA:88,1
DA:92,1
DA:93,1
DA:94,1
DA:96,1
DA:111,1
DA:112,1
DA:113,1
DA:115,1
DA:126,2
DA:127,2
LF:48
LH:44
BRDA:3,0,0,2
BRDA:3,0,1,2
BRDA:3,0,2,2
BRDA:4,1,0,2
BRDA:4,1,1,0
BRDA:7,2,0,0
BRDA:7,2,1,0
BRDA:73,3,0,14
BRDA:73,3,1,12
BRDA:80,4,0,1
BRDA:80,4,1,1
BRDA:88,5,0,14
BRDA:88,5,1,12
BRDA:89,6,0,14
BRDA:89,6,1,12
BRDA:96,7,0,1
BRDA:96,7,1,1
BRDA:108,8,0,14
BRDA:108,8,1,12
BRDA:115,9,0,1
BRDA:115,9,1,1
BRDA:118,10,0,1
BRDA:118,10,1,13
BRF:23
BRH:20
end_of_record
TN:
SF:src\components\VTNNewsItem.vue
FN:3,(anonymous_0)
FN:4,(anonymous_1)
FN:26,(anonymous_2)
FN:33,(anonymous_3)
FN:37,(anonymous_4)
FN:41,(anonymous_5)
FN:63,render
FN:93,(anonymous_7)
FNF:8
FNH:7
FNDA:3,(anonymous_0)
FNDA:0,(anonymous_1)
FNDA:9,(anonymous_2)
FNDA:26,(anonymous_3)
FNDA:14,(anonymous_4)
FNDA:2,(anonymous_5)
FNDA:12,render
FNDA:1,(anonymous_7)
DA:3,3
DA:4,3
DA:5,0
DA:6,0
DA:7,0
DA:9,0
DA:11,3
DA:13,3
DA:16,3
DA:17,3
DA:18,3
DA:27,9
DA:34,26
DA:35,26
DA:38,14
DA:39,14
DA:42,2
DA:46,3
DA:47,3
DA:48,3
DA:49,3
DA:50,3
DA:51,3
DA:52,3
DA:53,3
DA:54,3
DA:55,3
DA:60,3
DA:61,3
DA:62,3
DA:65,12
DA:94,1
DA:95,1
DA:96,1
DA:98,1
DA:114,3
DA:115,3
LF:37
LH:33
BRDA:3,0,0,3
BRDA:3,0,1,3
BRDA:3,0,2,3
BRDA:4,1,0,3
BRDA:4,1,1,0
BRDA:7,2,0,0
BRDA:7,2,1,0
BRDA:77,3,0,11
BRDA:77,3,1,1
BRDA:87,4,0,11
BRDA:87,4,1,1
BRDA:87,5,0,1
BRDA:87,5,1,11
BRDA:87,6,0,12
BRDA:87,6,1,11
BRDA:91,7,0,11
BRDA:91,7,1,9
BRDA:98,8,0,1
BRDA:98,8,1,1
BRF:19
BRH:16
end_of_record
TN:
SF:src\components\VTNPreloader.vue
FN:24,render
FNF:1
FNH:1
FNDA:1,render
DA:3,3
DA:6,3
DA:7,3
DA:10,3
DA:11,3
DA:12,3
DA:13,3
DA:14,3
DA:15,3
DA:16,3
DA:21,3
DA:25,1
DA:27,3
DA:28,3
LF:14
LH:14
BRF:0
BRH:0
end_of_record
TN:
SF:src\components\VTNSprite.vue
FN:19,render
FNF:1
FNH:1
FNDA:1,render
DA:3,2
DA:6,2
DA:7,2
DA:10,2
DA:11,2
DA:12,2
DA:13,2
DA:14,2
DA:15,2
DA:16,2
DA:20,1
DA:22,2
DA:23,2
LF:13
LH:13
BRF:0
BRH:0
end_of_record
TN:
SF:src\components\ui\VTNPagination.vue
FN:3,(anonymous_0)
FN:30,(anonymous_1)
FN:47,render
FN:56,(anonymous_3)
FNF:4
FNH:4
FNDA:6,(anonymous_0)
FNDA:4,(anonymous_1)
FNDA:4,render
FNDA:16,(anonymous_3)
DA:3,3
DA:4,6
DA:8,3
DA:11,3
DA:12,3
DA:13,3
DA:14,3
DA:31,4
DA:35,4
DA:39,3
DA:40,3
DA:41,3
DA:42,3
DA:43,3
DA:48,4
DA:49,4
DA:57,16
DA:72,3
DA:73,3
LF:19
LH:19
BRDA:3,0,0,3
BRDA:3,0,1,3
BRDA:3,0,2,3
BRDA:4,1,0,6
BRDA:4,1,1,0
BRDA:4,2,0,6
BRDA:4,2,1,6
BRDA:49,3,0,3
BRDA:49,3,1,1
BRDA:54,4,0,2
BRDA:54,4,1,1
BRDA:67,5,0,2
BRDA:67,5,1,1
BRF:13
BRH:12
end_of_record
TN:
SF:src\components\ui\VTNPaginationItem.vue
FN:3,(anonymous_0)
FN:4,(anonymous_1)
FN:34,(anonymous_2)
FN:50,(anonymous_3)
FN:63,render
FN:70,(anonymous_5)
FNF:6
FNH:4
FNDA:2,(anonymous_0)
FNDA:0,(anonymous_1)
FNDA:2,(anonymous_2)
FNDA:1,(anonymous_3)
FNDA:2,render
FNDA:0,(anonymous_5)
DA:3,4
DA:4,2
DA:5,0
DA:6,0
DA:7,0
DA:9,0
DA:11,2
DA:13,4
DA:16,4
DA:17,4
DA:35,2
DA:36,2
DA:37,2
DA:38,2
DA:39,2
DA:46,2
DA:51,1
DA:59,4
DA:60,4
DA:61,4
DA:62,4
DA:64,2
DA:65,2
DA:70,0
DA:76,4
DA:77,4
LF:26
LH:21
BRDA:3,0,0,4
BRDA:3,0,1,4
BRDA:3,0,2,4
BRDA:4,1,0,2
BRDA:4,1,1,0
BRDA:7,2,0,0
BRDA:7,2,1,0
BRF:7
BRH:4
end_of_record
TN:
SF:src\mocks\errors.ts
FN:3,(anonymous_0)
FNF:1
FNH:1
FNDA:2,(anonymous_0)
DA:3,1
DA:4,2
DA:9,1
LF:3
LH:3
BRDA:3,0,0,1
BRF:1
BRH:1
end_of_record
TN:
SF:src\mocks\news.ts
FN:50,(anonymous_0)
FNF:1
FNH:1
FNDA:11,(anonymous_0)
DA:4,5
DA:18,5
DA:32,5
DA:43,5
DA:50,5
DA:51,11
DA:68,5
LF:7
LH:7
BRDA:50,0,0,10
BRF:1
BRH:1
end_of_record
TN:
SF:src\router\index.ts
FN:12,(anonymous_6)
FN:12,(anonymous_7)
FN:17,(anonymous_8)
FN:17,(anonymous_9)
FNF:4
FNH:4
FNDA:1,(anonymous_6)
FNDA:1,(anonymous_7)
FNDA:1,(anonymous_8)
FNDA:1,(anonymous_9)
DA:1,1
DA:3,1
DA:12,2
DA:17,2
DA:21,1
DA:26,1
LF:6
LH:6
BRF:0
BRH:0
end_of_record
TN:
SF:src\store\index.ts
FNF:0
FNH:0
DA:1,1
DA:2,1
DA:3,1
DA:5,1
LF:4
LH:4
BRF:0
BRH:0
end_of_record
TN:
SF:src\store\modules\errors\index.ts
FNF:0
FNH:0
DA:4,2
DA:5,2
DA:7,2
DA:12,2
LF:4
LH:4
BRF:0
BRH:0
end_of_record
TN:
SF:src\store\modules\errors\mutations.ts
FN:5,(anonymous_0)
FN:9,(anonymous_1)
FNF:2
FNH:2
FNDA:1,(anonymous_0)
FNDA:1,(anonymous_1)
DA:4,3
DA:6,1
DA:10,1
DA:14,3
LF:4
LH:4
BRF:0
BRH:0
end_of_record
TN:
SF:src\store\modules\errors\state.ts
FN:3,state
FNF:1
FNH:1
FNDA:2,state
DA:4,2
DA:9,3
LF:2
LH:2
BRF:0
BRH:0
end_of_record
TN:
SF:src\store\modules\news\actions.ts
FN:6,(anonymous_1)
FNF:1
FNH:1
FNDA:4,(anonymous_1)
DA:3,3
DA:5,3
DA:8,4
DA:10,4
DA:12,1
DA:13,1
DA:18,1
DA:19,1
DA:22,1
DA:25,1
DA:28,4
DA:33,3
LF:12
LH:12
BRDA:17,0,0,2
BRDA:17,0,1,1
BRF:2
BRH:2
end_of_record
TN:
SF:src\store\modules\news\getters.ts
FN:5,(anonymous_0)
FN:9,(anonymous_1)
FN:15,(anonymous_2)
FN:19,(anonymous_3)
FNF:4
FNH:4
FNDA:2,(anonymous_0)
FNDA:4,(anonymous_1)
FNDA:2,(anonymous_2)
FNDA:1,(anonymous_3)
DA:4,3
DA:6,2
DA:8,2
DA:9,4
DA:10,2
DA:12,2
DA:16,2
DA:20,1
DA:24,3
LF:9
LH:9
BRDA:12,0,0,1
BRDA:12,0,1,1
BRDA:16,1,0,1
BRDA:16,1,1,1
BRF:4
BRH:4
end_of_record
TN:
SF:src\store\modules\news\index.ts
FNF:0
FNH:0
DA:4,2
DA:5,2
DA:6,2
DA:7,2
DA:9,2
DA:16,2
LF:6
LH:6
BRF:0
BRH:0
end_of_record
TN:
SF:src\store\modules\news\mutations.ts
FN:5,(anonymous_0)
FN:9,(anonymous_1)
FN:13,(anonymous_2)
FN:17,(anonymous_3)
FN:21,(anonymous_4)
FNF:5
FNH:5
FNDA:1,(anonymous_0)
FNDA:2,(anonymous_1)
FNDA:1,(anonymous_2)
FNDA:1,(anonymous_3)
FNDA:1,(anonymous_4)
DA:4,3
DA:6,1
DA:10,2
DA:14,1
DA:18,1
DA:22,1
DA:26,3
LF:7
LH:7
BRF:0
BRH:0
end_of_record
TN:
SF:src\store\modules\news\state.ts
FN:3,state
FNF:1
FNH:1
FNDA:2,state
DA:4,2
DA:21,3
LF:2
LH:2
BRF:0
BRH:0
end_of_record
TN:
SF:src\utils\paginationOptions.ts
FN:3,range
FN:4,(anonymous_1)
FN:7,getPaginationOptions
FN:30,(anonymous_3)
FNF:4
FNH:4
FNDA:10,range
FNDA:46,(anonymous_1)
FNDA:10,getPaginationOptions
FNDA:46,(anonymous_3)
DA:4,46
DA:7,4
DA:12,10
DA:13,10
DA:14,10
DA:17,7
DA:18,7
DA:21,1
DA:22,1
DA:25,1
DA:26,1
DA:29,10
DA:30,46
LF:13
LH:13
BRDA:3,0,0,10
BRDA:8,1,0,5
BRDA:9,2,0,1
BRF:3
BRH:3
end_of_record
TN:
SF:src\views\VTN404.vue
FN:3,(anonymous_0)
FN:4,(anonymous_1)
FN:21,(anonymous_2)
FN:32,render
FN:41,(anonymous_4)
FNF:5
FNH:3
FNDA:2,(anonymous_0)
FNDA:0,(anonymous_1)
FNDA:3,(anonymous_2)
FNDA:2,render
FNDA:0,(anonymous_4)
DA:3,2
DA:4,2
DA:5,0
DA:6,0
DA:7,0
DA:9,0
DA:11,2
DA:13,2
DA:16,2
DA:17,2
DA:18,2
DA:22,3
DA:25,2
DA:26,2
DA:27,2
DA:28,2
DA:29,2
DA:30,2
DA:31,2
DA:33,2
DA:34,2
DA:41,0
DA:48,2
DA:49,2
LF:24
LH:19
BRDA:3,0,0,2
BRDA:3,0,1,2
BRDA:3,0,2,2
BRDA:4,1,0,2
BRDA:4,1,1,0
BRDA:7,2,0,0
BRDA:7,2,1,0
BRF:7
BRH:4
end_of_record
TN:
SF:src\views\VTNNews.vue
FN:3,(anonymous_0)
FN:4,(anonymous_1)
FN:13,(anonymous_2)
FN:44,(anonymous_3)
FN:47,(anonymous_4)
FN:55,(anonymous_5)
FN:61,(anonymous_6)
FN:81,render
FN:91,(anonymous_8)
FNF:9
FNH:8
FNDA:4,(anonymous_0)
FNDA:0,(anonymous_1)
FNDA:6,(anonymous_2)
FNDA:12,(anonymous_3)
FNDA:13,(anonymous_4)
FNDA:12,(anonymous_5)
FNDA:1,(anonymous_6)
FNDA:12,render
FNDA:21,(anonymous_8)
DA:3,2
DA:4,4
DA:5,0
DA:6,0
DA:7,0
DA:9,0
DA:11,4
DA:13,2
DA:14,6
DA:18,2
DA:21,2
DA:22,2
DA:23,2
DA:24,2
DA:25,2
DA:26,2
DA:45,12
DA:48,13
DA:56,12
DA:57,12
DA:62,1
DA:63,1
DA:64,1
DA:65,1
DA:66,1
DA:72,2
DA:73,2
DA:74,2
DA:75,2
DA:76,2
DA:77,2
DA:82,12
DA:83,12
DA:84,12
DA:85,12
DA:92,21
DA:108,2
DA:109,2
LF:38
LH:34
BRDA:3,0,0,2
BRDA:3,0,1,2
BRDA:3,0,2,2
BRDA:4,1,0,4
BRDA:4,1,1,0
BRDA:7,2,0,0
BRDA:7,2,1,0
BRDA:13,3,0,2
BRDA:13,3,1,2
BRDA:13,3,2,2
BRDA:14,4,0,6
BRDA:14,4,1,0
BRDA:14,5,0,6
BRDA:14,5,1,6
BRDA:86,6,0,1
BRDA:86,6,1,11
BRDA:86,7,0,12
BRDA:86,7,1,1
BRDA:89,8,0,10
BRDA:89,8,1,2
BRDA:103,9,0,1
BRDA:103,9,1,11
BRDA:103,10,0,12
BRDA:103,10,1,11
BRF:24
BRH:20
end_of_record
